#
# There is insufficient memory for the Java Runtime Environment to continue.
# Native memory allocation (malloc) failed to allocate 2485616 bytes for Chunk::new
# Possible reasons:
#   The system is out of physical RAM or swap space
#   The process is running with CompressedOops enabled, and the Java Heap may be blocking the growth of the native heap
# Possible solutions:
#   Reduce memory load on the system
#   Increase physical memory or swap space
#   Check if swap backing store is full
#   Decrease Java heap size (-Xmx/-Xms)
#   Decrease number of Java threads
#   Decrease Java thread stack sizes (-Xss)
#   Set larger code cache with -XX:ReservedCodeCacheSize=
#   JVM is running with Unscaled Compressed Oops mode in which the Java heap is
#     placed in the first 4GB address space. The Java Heap base address is the
#     maximum limit for the native heap growth. Please use -XX:HeapBaseMinAddress
#     to set the Java Heap base and to place the Java Heap above 4GB virtual address.
# This output file may be truncated or incomplete.
#
#  Out of Memory Error (./src/hotspot/share/memory/arena.cpp:197), pid=20196, tid=15284
#
# JRE version: OpenJDK Runtime Environment (11.0.10) (build 11.0.10+0-b96-7249189)
# Java VM: OpenJDK 64-Bit Server VM (11.0.10+0-b96-7249189, mixed mode, tiered, compressed oops, g1 gc, windows-amd64)
# No core dump will be written. Minidumps are not enabled by default on client versions of Windows
#

---------------  S U M M A R Y ------------

Command Line: --add-opens=java.base/java.util=ALL-UNNAMED --add-opens=java.base/java.lang=ALL-UNNAMED --add-opens=java.base/java.lang.invoke=ALL-UNNAMED --add-opens=java.base/java.util=ALL-UNNAMED --add-opens=java.prefs/java.util.prefs=ALL-UNNAMED --add-opens=java.prefs/java.util.prefs=ALL-UNNAMED --add-opens=java.base/java.nio.charset=ALL-UNNAMED --add-opens=java.base/java.net=ALL-UNNAMED --add-opens=java.base/java.util.concurrent.atomic=ALL-UNNAMED -Xmx2048m -Dfile.encoding=UTF-8 -Duser.country=IN -Duser.language=en -Duser.variant org.gradle.launcher.daemon.bootstrap.GradleDaemon 7.0.2

Host: Intel(R) Core(TM) i5-8265U CPU @ 1.60GHz, 8 cores, 3G,  Windows 10 , 64 bit Build 22598 (10.0.22598.1)
Time: Sat Apr 30 16:13:49 2022 India Standard Time elapsed time: 37.512556 seconds (0d 0h 0m 37s)

---------------  T H R E A D  ---------------

Current thread (0x000001ef509b8800):  JavaThread "C2 CompilerThread0" daemon [_thread_in_native, id=15284, stack(0x00000008d2600000,0x00000008d2700000)]


Current CompileTask:
C2:  37512 6640   !   4       com.sun.beans.TypeResolver::resolve (261 bytes)

Stack: [0x00000008d2600000,0x00000008d2700000]
Native frames: (J=compiled Java code, j=interpreted, Vv=VM code, C=native code)
V  [jvm.dll+0x5ecfaa]
V  [jvm.dll+0x722bd5]
V  [jvm.dll+0x72412d]
V  [jvm.dll+0x7247e3]
V  [jvm.dll+0x242928]
V  [jvm.dll+0xbc4fc]
V  [jvm.dll+0xbca0c]
V  [jvm.dll+0x352d7d]
V  [jvm.dll+0x320ad3]
V  [jvm.dll+0x31ffca]
V  [jvm.dll+0x1fb602]
V  [jvm.dll+0x1fa7f4]
V  [jvm.dll+0x18354c]
V  [jvm.dll+0x208ee7]
V  [jvm.dll+0x207731]
V  [jvm.dll+0x6eb1cf]
V  [jvm.dll+0x6e3d45]
V  [jvm.dll+0x5ebe96]
C  [ucrtbase.dll+0x29363]
C  [KERNEL32.DLL+0x1244d]
C  [ntdll.dll+0x5df88]


---------------  P R O C E S S  ---------------

Threads class SMR info:
_java_thread_list=0x000001ef53a9ab40, length=52, elements={
0x000001ef36567000, 0x000001ef5099c000, 0x000001ef509a6000, 0x000001ef51342800,
0x000001ef509b7000, 0x000001ef509b7800, 0x000001ef509b8800, 0x000001ef509bd000,
0x000001ef509cd800, 0x000001ef5147e800, 0x000001ef5287d800, 0x000001ef52b23800,
0x000001ef5256b000, 0x000001ef5238f000, 0x000001ef52176000, 0x000001ef525d7800,
0x000001ef525da800, 0x000001ef52c71800, 0x000001ef52c72800, 0x000001ef534a8000,
0x000001ef534a4000, 0x000001ef534a7800, 0x000001ef534a5000, 0x000001ef534a9000,
0x000001ef534a3800, 0x000001ef534a5800, 0x000001ef534a6800, 0x000001ef534aa000,
0x000001ef54f85800, 0x000001ef54f86000, 0x000001ef54f87000, 0x000001ef54f81800,
0x000001ef54f83000, 0x000001ef54f88000, 0x000001ef54f82000, 0x000001ef54f88800,
0x000001ef54f89800, 0x000001ef54f84800, 0x000001ef54f8b000, 0x000001ef54f8d800,
0x000001ef54f8a800, 0x000001ef54f8e800, 0x000001ef54f8f000, 0x000001ef54f90000,
0x000001ef54f8c000, 0x000001ef55c6f800, 0x000001ef55c74800, 0x000001ef55c70800,
0x000001ef55c72000, 0x000001ef5566b000, 0x000001ef55c71800, 0x000001ef540e4800
}

Java Threads: ( => current thread )
  0x000001ef36567000 JavaThread "main" [_thread_blocked, id=10448, stack(0x00000008d1a00000,0x00000008d1b00000)]
  0x000001ef5099c000 JavaThread "Reference Handler" daemon [_thread_blocked, id=19776, stack(0x00000008d2100000,0x00000008d2200000)]
  0x000001ef509a6000 JavaThread "Finalizer" daemon [_thread_blocked, id=21256, stack(0x00000008d2200000,0x00000008d2300000)]
  0x000001ef51342800 JavaThread "Signal Dispatcher" daemon [_thread_blocked, id=19536, stack(0x00000008d2300000,0x00000008d2400000)]
  0x000001ef509b7000 JavaThread "Attach Listener" daemon [_thread_blocked, id=5552, stack(0x00000008d2400000,0x00000008d2500000)]
  0x000001ef509b7800 JavaThread "Service Thread" daemon [_thread_blocked, id=21092, stack(0x00000008d2500000,0x00000008d2600000)]
=>0x000001ef509b8800 JavaThread "C2 CompilerThread0" daemon [_thread_in_native, id=15284, stack(0x00000008d2600000,0x00000008d2700000)]
  0x000001ef509bd000 JavaThread "C1 CompilerThread0" daemon [_thread_blocked, id=7248, stack(0x00000008d2700000,0x00000008d2800000)]
  0x000001ef509cd800 JavaThread "Sweeper thread" daemon [_thread_blocked, id=17340, stack(0x00000008d2800000,0x00000008d2900000)]
  0x000001ef5147e800 JavaThread "Common-Cleaner" daemon [_thread_blocked, id=2228, stack(0x00000008d2900000,0x00000008d2a00000)]
  0x000001ef5287d800 JavaThread "Daemon health stats" [_thread_blocked, id=2156, stack(0x00000008d2c00000,0x00000008d2d00000)]
  0x000001ef52b23800 JavaThread "Incoming local TCP Connector on port 52161" [_thread_in_native, id=21392, stack(0x00000008d2d00000,0x00000008d2e00000)]
  0x000001ef5256b000 JavaThread "Daemon periodic checks" [_thread_blocked, id=1736, stack(0x00000008d2e00000,0x00000008d2f00000)]
  0x000001ef5238f000 JavaThread "Daemon" [_thread_blocked, id=1332, stack(0x00000008d2f00000,0x00000008d3000000)]
  0x000001ef52176000 JavaThread "Handler for socket connection from /127.0.0.1:52161 to /127.0.0.1:52162" [_thread_in_native, id=20924, stack(0x00000008d3000000,0x00000008d3100000)]
  0x000001ef525d7800 JavaThread "Cancel handler" [_thread_blocked, id=19968, stack(0x00000008d3100000,0x00000008d3200000)]
  0x000001ef525da800 JavaThread "Daemon worker" [_thread_in_native, id=8712, stack(0x00000008d3200000,0x00000008d3300000)]
  0x000001ef52c71800 JavaThread "Asynchronous log dispatcher for DefaultDaemonConnection: socket connection from /127.0.0.1:52161 to /127.0.0.1:52162" [_thread_blocked, id=19740, stack(0x00000008d3300000,0x00000008d3400000)]
  0x000001ef52c72800 JavaThread "Stdin handler" [_thread_blocked, id=18164, stack(0x00000008d3400000,0x00000008d3500000)]
  0x000001ef534a8000 JavaThread "Daemon client event forwarder" [_thread_blocked, id=15296, stack(0x00000008d3500000,0x00000008d3600000)]
  0x000001ef534a4000 JavaThread "Cache worker for file hash cache (C:\Users\cnirb\.gradle\caches\7.0.2\fileHashes)" [_thread_blocked, id=16752, stack(0x00000008d3c00000,0x00000008d3d00000)]
  0x000001ef534a7800 JavaThread "File lock request listener" [_thread_in_native, id=19940, stack(0x00000008d3d00000,0x00000008d3e00000)]
  0x000001ef534a5000 JavaThread "Cache worker for journal cache (C:\Users\cnirb\.gradle\caches\journal-1)" [_thread_blocked, id=20916, stack(0x00000008d3f00000,0x00000008d4000000)]
  0x000001ef534a9000 JavaThread "Cache worker for file hash cache (C:\Users\cnirb\AndroidStudioProjects\Manifold\.gradle\7.0.2\fileHashes)" [_thread_blocked, id=15612, stack(0x00000008d4100000,0x00000008d4200000)]
  0x000001ef534a3800 JavaThread "File watcher server" daemon [_thread_in_native, id=20940, stack(0x00000008d4000000,0x00000008d4100000)]
  0x000001ef534a5800 JavaThread "File watcher consumer" daemon [_thread_blocked, id=19948, stack(0x00000008d4200000,0x00000008d4300000)]
  0x000001ef534a6800 JavaThread "jar transforms" [_thread_blocked, id=1704, stack(0x00000008d4300000,0x00000008d4400000)]
  0x000001ef534aa000 JavaThread "jar transforms Thread 2" [_thread_blocked, id=7892, stack(0x00000008d4400000,0x00000008d4500000)]
  0x000001ef54f85800 JavaThread "jar transforms Thread 3" [_thread_blocked, id=19396, stack(0x00000008d4500000,0x00000008d4600000)]
  0x000001ef54f86000 JavaThread "jar transforms Thread 4" [_thread_blocked, id=9284, stack(0x00000008d4600000,0x00000008d4700000)]
  0x000001ef54f87000 JavaThread "jar transforms Thread 5" [_thread_blocked, id=4048, stack(0x00000008d4700000,0x00000008d4800000)]
  0x000001ef54f81800 JavaThread "jar transforms Thread 6" [_thread_blocked, id=20240, stack(0x00000008d4800000,0x00000008d4900000)]
  0x000001ef54f83000 JavaThread "jar transforms Thread 7" [_thread_blocked, id=13972, stack(0x00000008d4900000,0x00000008d4a00000)]
  0x000001ef54f88000 JavaThread "jar transforms Thread 8" [_thread_blocked, id=10648, stack(0x00000008d4a00000,0x00000008d4b00000)]
  0x000001ef54f82000 JavaThread "Cache worker for checksums cache (C:\Users\cnirb\AndroidStudioProjects\Manifold\.gradle\checksums)" [_thread_blocked, id=20696, stack(0x00000008d4b00000,0x00000008d4c00000)]
  0x000001ef54f88800 JavaThread "Cache worker for cache directory md-supplier (C:\Users\cnirb\.gradle\caches\7.0.2\md-supplier)" [_thread_blocked, id=19632, stack(0x00000008d4c00000,0x00000008d4d00000)]
  0x000001ef54f89800 JavaThread "Cache worker for cache directory md-rule (C:\Users\cnirb\.gradle\caches\7.0.2\md-rule)" [_thread_blocked, id=17980, stack(0x00000008d4e00000,0x00000008d4f00000)]
  0x000001ef54f84800 JavaThread "Cache worker for execution history cache (C:\Users\cnirb\.gradle\caches\7.0.2\executionHistory)" [_thread_blocked, id=21228, stack(0x00000008d4f00000,0x00000008d5000000)]
  0x000001ef54f8b000 JavaThread "Cache worker for file content cache (C:\Users\cnirb\.gradle\caches\7.0.2\fileContent)" [_thread_blocked, id=20100, stack(0x00000008d5100000,0x00000008d5200000)]
  0x000001ef54f8d800 JavaThread "Cache worker for dependencies-accessors (C:\Users\cnirb\AndroidStudioProjects\Manifold\.gradle\7.0.2\dependencies-accessors)" [_thread_blocked, id=11780, stack(0x00000008d5200000,0x00000008d5300000)]
  0x000001ef54f8a800 JavaThread "Cache worker for Build Output Cleanup Cache (C:\Users\cnirb\AndroidStudioProjects\Manifold\.gradle\buildOutputCleanup)" [_thread_blocked, id=14980, stack(0x00000008d5300000,0x00000008d5400000)]
  0x000001ef54f8e800 JavaThread "Build operations" [_thread_blocked, id=12764, stack(0x00000008d5400000,0x00000008d5500000)]
  0x000001ef54f8f000 JavaThread "Build operations Thread 2" [_thread_blocked, id=20860, stack(0x00000008d5500000,0x00000008d5600000)]
  0x000001ef54f90000 JavaThread "Build operations Thread 3" [_thread_blocked, id=20828, stack(0x00000008d5600000,0x00000008d5700000)]
  0x000001ef54f8c000 JavaThread "Build operations Thread 4" [_thread_blocked, id=14692, stack(0x00000008d5700000,0x00000008d5800000)]
  0x000001ef55c6f800 JavaThread "Build operations Thread 5" [_thread_blocked, id=19060, stack(0x00000008d5800000,0x00000008d5900000)]
  0x000001ef55c74800 JavaThread "Build operations Thread 6" [_thread_blocked, id=12920, stack(0x00000008d5900000,0x00000008d5a00000)]
  0x000001ef55c70800 JavaThread "Build operations Thread 7" [_thread_blocked, id=9916, stack(0x00000008d5a00000,0x00000008d5b00000)]
  0x000001ef55c72000 JavaThread "Build operations Thread 8" [_thread_blocked, id=17132, stack(0x00000008d5b00000,0x00000008d5c00000)]
  0x000001ef5566b000 JavaThread "C2 CompilerThread1" daemon [_thread_in_native, id=712, stack(0x00000008d4d00000,0x00000008d4e00000)]
  0x000001ef55c71800 JavaThread "Memory manager" [_thread_blocked, id=760, stack(0x00000008d5000000,0x00000008d5100000)]
  0x000001ef540e4800 JavaThread "C2 CompilerThread2" daemon [_thread_in_native, id=15320, stack(0x00000008d5c00000,0x00000008d5d00000)]

Other Threads:
  0x000001ef50998800 VMThread "VM Thread" [stack: 0x00000008d2000000,0x00000008d2100000] [id=164]
  0x000001ef514af800 WatcherThread [stack: 0x00000008d2a00000,0x00000008d2b00000] [id=21152]
  0x000001ef36581800 GCTaskThread "GC Thread#0" [stack: 0x00000008d1b00000,0x00000008d1c00000] [id=4868]
  0x000001ef51ed1000 GCTaskThread "GC Thread#1" [stack: 0x00000008d2b00000,0x00000008d2c00000] [id=18624]
  0x000001ef528a4800 GCTaskThread "GC Thread#2" [stack: 0x00000008d3600000,0x00000008d3700000] [id=17868]
  0x000001ef516b0000 GCTaskThread "GC Thread#3" [stack: 0x00000008d3700000,0x00000008d3800000] [id=14136]
  0x000001ef516b2800 GCTaskThread "GC Thread#4" [stack: 0x00000008d3800000,0x00000008d3900000] [id=20076]
  0x000001ef52a5d800 GCTaskThread "GC Thread#5" [stack: 0x00000008d3900000,0x00000008d3a00000] [id=20356]
  0x000001ef529f4000 GCTaskThread "GC Thread#6" [stack: 0x00000008d3a00000,0x00000008d3b00000] [id=19352]
  0x000001ef5261a000 GCTaskThread "GC Thread#7" [stack: 0x00000008d3b00000,0x00000008d3c00000] [id=14616]
  0x000001ef365b2800 ConcurrentGCThread "G1 Main Marker" [stack: 0x00000008d1c00000,0x00000008d1d00000] [id=17748]
  0x000001ef365b5800 ConcurrentGCThread "G1 Conc#0" [stack: 0x00000008d1d00000,0x00000008d1e00000] [id=15712]
  0x000001ef5360e800 ConcurrentGCThread "G1 Conc#1" [stack: 0x00000008d3e00000,0x00000008d3f00000] [id=21156]
  0x000001ef36622000 ConcurrentGCThread "G1 Refine#0" [stack: 0x00000008d1e00000,0x00000008d1f00000] [id=11940]
  0x000001ef36626000 ConcurrentGCThread "G1 Young RemSet Sampling" [stack: 0x00000008d1f00000,0x00000008d2000000] [id=20496]

Threads with active compile tasks:
C2 CompilerThread0  37577 6640   !   4       com.sun.beans.TypeResolver::resolve (261 bytes)
C2 CompilerThread1  37578 6739   !   4       java.net.URL::<init> (543 bytes)
C2 CompilerThread2  37578 6403 %     4       org.gradle.internal.instantiation.generator.AbstractClassGenerator::inspectType @ 107 (560 bytes)

VM state:not at safepoint (normal execution)

VM Mutex/Monitor currently owned by a thread: None

Heap address: 0x0000000080000000, size: 2048 MB, Compressed Oops mode: 32-bit
Narrow klass base: 0x0000000000000000, Narrow klass shift: 3
Compressed class space size: 1073741824 Address: 0x0000000100000000

Heap:
 garbage-first heap   total 143360K, used 110316K [0x0000000080000000, 0x0000000100000000)
  region size 1024K, 35 young (35840K), 5 survivors (5120K)
 Metaspace       used 69018K, capacity 70894K, committed 71168K, reserved 1112064K
  class space    used 8816K, capacity 9440K, committed 9472K, reserved 1048576K
Heap Regions: E=young(eden), S=young(survivor), O=old, HS=humongous(starts), HC=humongous(continues), CS=collection set, F=free, A=archive, TAMS=top-at-mark-start (previous, next)
|   0|0x0000000080000000, 0x0000000080100000, 0x0000000080100000|100%| O|  |TAMS 0x0000000080100000, 0x0000000080000000| Untracked 
|   1|0x0000000080100000, 0x0000000080200000, 0x0000000080200000|100%| O|  |TAMS 0x0000000080200000, 0x0000000080100000| Untracked 
|   2|0x0000000080200000, 0x0000000080300000, 0x0000000080300000|100%| O|  |TAMS 0x0000000080300000, 0x0000000080200000| Untracked 
|   3|0x0000000080300000, 0x0000000080400000, 0x0000000080400000|100%|HS|  |TAMS 0x0000000080400000, 0x0000000080300000| Complete 
|   4|0x0000000080400000, 0x0000000080500000, 0x0000000080500000|100%|HC|  |TAMS 0x0000000080500000, 0x0000000080400000| Complete 
|   5|0x0000000080500000, 0x0000000080600000, 0x0000000080600000|100%|HC|  |TAMS 0x0000000080600000, 0x0000000080500000| Complete 
|   6|0x0000000080600000, 0x0000000080700000, 0x0000000080700000|100%| O|  |TAMS 0x0000000080700000, 0x0000000080600000| Untracked 
|   7|0x0000000080700000, 0x0000000080800000, 0x0000000080800000|100%| O|  |TAMS 0x0000000080800000, 0x0000000080700000| Untracked 
|   8|0x0000000080800000, 0x0000000080900000, 0x0000000080900000|100%| O|  |TAMS 0x0000000080900000, 0x0000000080800000| Untracked 
|   9|0x0000000080900000, 0x0000000080a00000, 0x0000000080a00000|100%| O|  |TAMS 0x0000000080a00000, 0x0000000080900000| Untracked 
|  10|0x0000000080a00000, 0x0000000080b00000, 0x0000000080b00000|100%| O|  |TAMS 0x0000000080b00000, 0x0000000080a00000| Untracked 
|  11|0x0000000080b00000, 0x0000000080c00000, 0x0000000080c00000|100%| O|  |TAMS 0x0000000080c00000, 0x0000000080b00000| Untracked 
|  12|0x0000000080c00000, 0x0000000080d00000, 0x0000000080d00000|100%| O|  |TAMS 0x0000000080d00000, 0x0000000080c00000| Untracked 
|  13|0x0000000080d00000, 0x0000000080e00000, 0x0000000080e00000|100%| O|  |TAMS 0x0000000080e00000, 0x0000000080d00000| Untracked 
|  14|0x0000000080e00000, 0x0000000080f00000, 0x0000000080f00000|100%| O|  |TAMS 0x0000000080f00000, 0x0000000080e00000| Untracked 
|  15|0x0000000080f00000, 0x0000000081000000, 0x0000000081000000|100%| O|  |TAMS 0x0000000081000000, 0x0000000080f00000| Untracked 
|  16|0x0000000081000000, 0x0000000081100000, 0x0000000081100000|100%| O|  |TAMS 0x0000000081100000, 0x0000000081000000| Untracked 
|  17|0x0000000081100000, 0x0000000081200000, 0x0000000081200000|100%|HS|  |TAMS 0x0000000081200000, 0x0000000081100000| Complete 
|  18|0x0000000081200000, 0x0000000081300000, 0x0000000081300000|100%|HC|  |TAMS 0x0000000081300000, 0x0000000081200000| Complete 
|  19|0x0000000081300000, 0x0000000081400000, 0x0000000081400000|100%|HS|  |TAMS 0x0000000081400000, 0x0000000081300000| Complete 
|  20|0x0000000081400000, 0x0000000081500000, 0x0000000081500000|100%|HC|  |TAMS 0x0000000081500000, 0x0000000081400000| Complete 
|  21|0x0000000081500000, 0x0000000081600000, 0x0000000081600000|100%|HC|  |TAMS 0x0000000081600000, 0x0000000081500000| Complete 
|  22|0x0000000081600000, 0x0000000081700000, 0x0000000081700000|100%|HS|  |TAMS 0x0000000081700000, 0x0000000081600000| Complete 
|  23|0x0000000081700000, 0x0000000081800000, 0x0000000081800000|100%|HC|  |TAMS 0x0000000081800000, 0x0000000081700000| Complete 
|  24|0x0000000081800000, 0x0000000081900000, 0x0000000081900000|100%|HC|  |TAMS 0x0000000081900000, 0x0000000081800000| Complete 
|  25|0x0000000081900000, 0x0000000081a00000, 0x0000000081a00000|100%|HC|  |TAMS 0x0000000081a00000, 0x0000000081900000| Complete 
|  26|0x0000000081a00000, 0x0000000081b00000, 0x0000000081b00000|100%|HC|  |TAMS 0x0000000081b00000, 0x0000000081a00000| Complete 
|  27|0x0000000081b00000, 0x0000000081c00000, 0x0000000081c00000|100%| O|  |TAMS 0x0000000081c00000, 0x0000000081b00000| Untracked 
|  28|0x0000000081c00000, 0x0000000081d00000, 0x0000000081d00000|100%| O|  |TAMS 0x0000000081d00000, 0x0000000081c00000| Untracked 
|  29|0x0000000081d00000, 0x0000000081e00000, 0x0000000081e00000|100%| O|  |TAMS 0x0000000081e00000, 0x0000000081d00000| Untracked 
|  30|0x0000000081e00000, 0x0000000081f00000, 0x0000000081f00000|100%| O|  |TAMS 0x0000000081f00000, 0x0000000081e00000| Untracked 
|  31|0x0000000081f00000, 0x0000000082000000, 0x0000000082000000|100%| O|  |TAMS 0x0000000082000000, 0x0000000081f00000| Untracked 
|  32|0x0000000082000000, 0x0000000082100000, 0x0000000082100000|100%| O|  |TAMS 0x0000000082100000, 0x0000000082000000| Untracked 
|  33|0x0000000082100000, 0x0000000082200000, 0x0000000082200000|100%| O|  |TAMS 0x0000000082200000, 0x0000000082100000| Untracked 
|  34|0x0000000082200000, 0x0000000082300000, 0x0000000082300000|100%| O|  |TAMS 0x0000000082300000, 0x0000000082200000| Untracked 
|  35|0x0000000082300000, 0x0000000082400000, 0x0000000082400000|100%| O|  |TAMS 0x0000000082400000, 0x0000000082300000| Untracked 
|  36|0x0000000082400000, 0x0000000082500000, 0x0000000082500000|100%| O|  |TAMS 0x0000000082500000, 0x0000000082400000| Untracked 
|  37|0x0000000082500000, 0x0000000082600000, 0x0000000082600000|100%| O|  |TAMS 0x0000000082600000, 0x0000000082500000| Untracked 
|  38|0x0000000082600000, 0x0000000082700000, 0x0000000082700000|100%| O|  |TAMS 0x0000000082700000, 0x0000000082600000| Untracked 
|  39|0x0000000082700000, 0x0000000082800000, 0x0000000082800000|100%| O|  |TAMS 0x0000000082800000, 0x0000000082700000| Untracked 
|  40|0x0000000082800000, 0x0000000082900000, 0x0000000082900000|100%| O|  |TAMS 0x0000000082900000, 0x0000000082800000| Untracked 
|  41|0x0000000082900000, 0x0000000082a00000, 0x0000000082a00000|100%| O|  |TAMS 0x0000000082a00000, 0x0000000082900000| Untracked 
|  42|0x0000000082a00000, 0x0000000082b00000, 0x0000000082b00000|100%|HS|  |TAMS 0x0000000082b00000, 0x0000000082a00000| Complete 
|  43|0x0000000082b00000, 0x0000000082c00000, 0x0000000082c00000|100%|HC|  |TAMS 0x0000000082c00000, 0x0000000082b00000| Complete 
|  44|0x0000000082c00000, 0x0000000082d00000, 0x0000000082d00000|100%|HC|  |TAMS 0x0000000082d00000, 0x0000000082c00000| Complete 
|  45|0x0000000082d00000, 0x0000000082e00000, 0x0000000082e00000|100%|HC|  |TAMS 0x0000000082e00000, 0x0000000082d00000| Complete 
|  46|0x0000000082e00000, 0x0000000082f00000, 0x0000000082f00000|100%|HC|  |TAMS 0x0000000082f00000, 0x0000000082e00000| Complete 
|  47|0x0000000082f00000, 0x0000000083000000, 0x0000000083000000|100%|HS|  |TAMS 0x0000000083000000, 0x0000000082f00000| Complete 
|  48|0x0000000083000000, 0x0000000083100000, 0x0000000083100000|100%|HC|  |TAMS 0x0000000083100000, 0x0000000083000000| Complete 
|  49|0x0000000083100000, 0x0000000083200000, 0x0000000083200000|100%|HC|  |TAMS 0x0000000083200000, 0x0000000083100000| Complete 
|  50|0x0000000083200000, 0x0000000083300000, 0x0000000083300000|100%| O|  |TAMS 0x0000000083300000, 0x0000000083200000| Untracked 
|  51|0x0000000083300000, 0x0000000083400000, 0x0000000083400000|100%| O|  |TAMS 0x0000000083400000, 0x0000000083300000| Untracked 
|  52|0x0000000083400000, 0x0000000083500000, 0x0000000083500000|100%| O|  |TAMS 0x0000000083500000, 0x0000000083400000| Untracked 
|  53|0x0000000083500000, 0x0000000083600000, 0x0000000083600000|100%| O|  |TAMS 0x0000000083600000, 0x0000000083500000| Untracked 
|  54|0x0000000083600000, 0x0000000083700000, 0x0000000083700000|100%| O|  |TAMS 0x0000000083700000, 0x0000000083600000| Untracked 
|  55|0x0000000083700000, 0x0000000083800000, 0x0000000083800000|100%| O|  |TAMS 0x0000000083800000, 0x0000000083700000| Untracked 
|  56|0x0000000083800000, 0x0000000083900000, 0x0000000083900000|100%| O|  |TAMS 0x0000000083900000, 0x0000000083800000| Untracked 
|  57|0x0000000083900000, 0x0000000083a00000, 0x0000000083a00000|100%| O|  |TAMS 0x0000000083a00000, 0x0000000083900000| Untracked 
|  58|0x0000000083a00000, 0x0000000083b00000, 0x0000000083b00000|100%| O|  |TAMS 0x0000000083b00000, 0x0000000083a00000| Untracked 
|  59|0x0000000083b00000, 0x0000000083c00000, 0x0000000083c00000|100%| O|  |TAMS 0x0000000083c00000, 0x0000000083b00000| Untracked 
|  60|0x0000000083c00000, 0x0000000083d00000, 0x0000000083d00000|100%|HS|  |TAMS 0x0000000083d00000, 0x0000000083c00000| Complete 
|  61|0x0000000083d00000, 0x0000000083e00000, 0x0000000083e00000|100%|HS|  |TAMS 0x0000000083e00000, 0x0000000083d00000| Complete 
|  62|0x0000000083e00000, 0x0000000083f00000, 0x0000000083f00000|100%| O|  |TAMS 0x0000000083f00000, 0x0000000083e00000| Untracked 
|  63|0x0000000083f00000, 0x0000000084000000, 0x0000000084000000|100%|HS|  |TAMS 0x0000000084000000, 0x0000000083f00000| Complete 
|  64|0x0000000084000000, 0x0000000084100000, 0x0000000084100000|100%|HC|  |TAMS 0x0000000084100000, 0x0000000084000000| Complete 
|  65|0x0000000084100000, 0x0000000084200000, 0x0000000084200000|100%| O|  |TAMS 0x0000000084200000, 0x0000000084100000| Untracked 
|  66|0x0000000084200000, 0x0000000084300000, 0x0000000084300000|100%| O|  |TAMS 0x0000000084300000, 0x0000000084200000| Untracked 
|  67|0x0000000084300000, 0x0000000084400000, 0x0000000084400000|100%| O|  |TAMS 0x0000000084400000, 0x0000000084300000| Untracked 
|  68|0x0000000084400000, 0x0000000084500000, 0x0000000084500000|100%| O|  |TAMS 0x0000000084500000, 0x0000000084400000| Untracked 
|  69|0x0000000084500000, 0x0000000084600000, 0x0000000084600000|100%| O|  |TAMS 0x0000000084600000, 0x0000000084500000| Untracked 
|  70|0x0000000084600000, 0x0000000084700000, 0x0000000084700000|100%| O|  |TAMS 0x0000000084700000, 0x0000000084600000| Untracked 
|  71|0x0000000084700000, 0x0000000084800000, 0x0000000084800000|100%| O|  |TAMS 0x0000000084800000, 0x0000000084700000| Untracked 
|  72|0x0000000084800000, 0x0000000084900000, 0x0000000084900000|100%| O|  |TAMS 0x0000000084900000, 0x0000000084800000| Untracked 
|  73|0x0000000084900000, 0x00000000849bb000, 0x0000000084a00000| 73%| O|  |TAMS 0x00000000849bb000, 0x0000000084900000| Untracked 
|  74|0x0000000084a00000, 0x0000000084a00000, 0x0000000084b00000|  0%| F|  |TAMS 0x0000000084a00000, 0x0000000084a00000| Untracked 
|  75|0x0000000084b00000, 0x0000000084b00000, 0x0000000084c00000|  0%| F|  |TAMS 0x0000000084b00000, 0x0000000084b00000| Untracked 
|  76|0x0000000084c00000, 0x0000000084c00000, 0x0000000084d00000|  0%| F|  |TAMS 0x0000000084c00000, 0x0000000084c00000| Untracked 
|  77|0x0000000084d00000, 0x0000000084d00000, 0x0000000084e00000|  0%| F|  |TAMS 0x0000000084d00000, 0x0000000084d00000| Untracked 
|  78|0x0000000084e00000, 0x0000000084e00000, 0x0000000084f00000|  0%| F|  |TAMS 0x0000000084e00000, 0x0000000084e00000| Untracked 
|  79|0x0000000084f00000, 0x0000000084f00000, 0x0000000085000000|  0%| F|  |TAMS 0x0000000084f00000, 0x0000000084f00000| Untracked 
|  80|0x0000000085000000, 0x0000000085000000, 0x0000000085100000|  0%| F|  |TAMS 0x0000000085000000, 0x0000000085000000| Untracked 
|  81|0x0000000085100000, 0x0000000085100000, 0x0000000085200000|  0%| F|  |TAMS 0x0000000085100000, 0x0000000085100000| Untracked 
|  82|0x0000000085200000, 0x0000000085200000, 0x0000000085300000|  0%| F|  |TAMS 0x0000000085200000, 0x0000000085200000| Untracked 
|  83|0x0000000085300000, 0x0000000085300000, 0x0000000085400000|  0%| F|  |TAMS 0x0000000085300000, 0x0000000085300000| Untracked 
|  84|0x0000000085400000, 0x0000000085400000, 0x0000000085500000|  0%| F|  |TAMS 0x0000000085400000, 0x0000000085400000| Untracked 
|  85|0x0000000085500000, 0x0000000085500000, 0x0000000085600000|  0%| F|  |TAMS 0x0000000085500000, 0x0000000085500000| Untracked 
|  86|0x0000000085600000, 0x0000000085600000, 0x0000000085700000|  0%| F|  |TAMS 0x0000000085600000, 0x0000000085600000| Untracked 
|  87|0x0000000085700000, 0x0000000085700000, 0x0000000085800000|  0%| F|  |TAMS 0x0000000085700000, 0x0000000085700000| Untracked 
|  88|0x0000000085800000, 0x0000000085800000, 0x0000000085900000|  0%| F|  |TAMS 0x0000000085800000, 0x0000000085800000| Untracked 
|  89|0x0000000085900000, 0x0000000085900000, 0x0000000085a00000|  0%| F|  |TAMS 0x0000000085900000, 0x0000000085900000| Untracked 
|  90|0x0000000085a00000, 0x0000000085a00000, 0x0000000085b00000|  0%| F|  |TAMS 0x0000000085a00000, 0x0000000085a00000| Untracked 
|  91|0x0000000085b00000, 0x0000000085b00000, 0x0000000085c00000|  0%| F|  |TAMS 0x0000000085b00000, 0x0000000085b00000| Untracked 
|  92|0x0000000085c00000, 0x0000000085c00000, 0x0000000085d00000|  0%| F|  |TAMS 0x0000000085c00000, 0x0000000085c00000| Untracked 
|  93|0x0000000085d00000, 0x0000000085d00000, 0x0000000085e00000|  0%| F|  |TAMS 0x0000000085d00000, 0x0000000085d00000| Untracked 
|  94|0x0000000085e00000, 0x0000000085e00000, 0x0000000085f00000|  0%| F|  |TAMS 0x0000000085e00000, 0x0000000085e00000| Untracked 
|  95|0x0000000085f00000, 0x0000000085f00000, 0x0000000086000000|  0%| F|  |TAMS 0x0000000085f00000, 0x0000000085f00000| Untracked 
|  96|0x0000000086000000, 0x0000000086000000, 0x0000000086100000|  0%| F|  |TAMS 0x0000000086000000, 0x0000000086000000| Untracked 
|  97|0x0000000086100000, 0x0000000086100000, 0x0000000086200000|  0%| F|  |TAMS 0x0000000086100000, 0x0000000086100000| Untracked 
|  98|0x0000000086200000, 0x0000000086200000, 0x0000000086300000|  0%| F|  |TAMS 0x0000000086200000, 0x0000000086200000| Untracked 
|  99|0x0000000086300000, 0x0000000086300000, 0x0000000086400000|  0%| F|  |TAMS 0x0000000086300000, 0x0000000086300000| Untracked 
| 100|0x0000000086400000, 0x0000000086400000, 0x0000000086500000|  0%| F|  |TAMS 0x0000000086400000, 0x0000000086400000| Untracked 
| 101|0x0000000086500000, 0x0000000086600000, 0x0000000086600000|100%| S|CS|TAMS 0x0000000086500000, 0x0000000086500000| Complete 
| 102|0x0000000086600000, 0x0000000086700000, 0x0000000086700000|100%| S|CS|TAMS 0x0000000086600000, 0x0000000086600000| Complete 
| 103|0x0000000086700000, 0x0000000086800000, 0x0000000086800000|100%| S|CS|TAMS 0x0000000086700000, 0x0000000086700000| Complete 
| 104|0x0000000086800000, 0x0000000086900000, 0x0000000086900000|100%| S|CS|TAMS 0x0000000086800000, 0x0000000086800000| Complete 
| 105|0x0000000086900000, 0x0000000086a00000, 0x0000000086a00000|100%| S|CS|TAMS 0x0000000086900000, 0x0000000086900000| Complete 
| 106|0x0000000086a00000, 0x0000000086a00000, 0x0000000086b00000|  0%| F|  |TAMS 0x0000000086a00000, 0x0000000086a00000| Untracked 
| 107|0x0000000086b00000, 0x0000000086b00000, 0x0000000086c00000|  0%| F|  |TAMS 0x0000000086b00000, 0x0000000086b00000| Untracked 
| 108|0x0000000086c00000, 0x0000000086c00000, 0x0000000086d00000|  0%| F|  |TAMS 0x0000000086c00000, 0x0000000086c00000| Untracked 
| 109|0x0000000086d00000, 0x0000000086d00000, 0x0000000086e00000|  0%| F|  |TAMS 0x0000000086d00000, 0x0000000086d00000| Untracked 
| 110|0x0000000086e00000, 0x0000000086e82538, 0x0000000086f00000| 50%| E|  |TAMS 0x0000000086e00000, 0x0000000086e00000| Complete 
| 111|0x0000000086f00000, 0x0000000087000000, 0x0000000087000000|100%| E|CS|TAMS 0x0000000086f00000, 0x0000000086f00000| Complete 
| 112|0x0000000087000000, 0x0000000087100000, 0x0000000087100000|100%| E|CS|TAMS 0x0000000087000000, 0x0000000087000000| Complete 
| 113|0x0000000087100000, 0x0000000087200000, 0x0000000087200000|100%| E|CS|TAMS 0x0000000087100000, 0x0000000087100000| Complete 
| 114|0x0000000087200000, 0x0000000087300000, 0x0000000087300000|100%| E|CS|TAMS 0x0000000087200000, 0x0000000087200000| Complete 
| 115|0x0000000087300000, 0x0000000087400000, 0x0000000087400000|100%| E|CS|TAMS 0x0000000087300000, 0x0000000087300000| Complete 
| 116|0x0000000087400000, 0x0000000087500000, 0x0000000087500000|100%| E|CS|TAMS 0x0000000087400000, 0x0000000087400000| Complete 
| 117|0x0000000087500000, 0x0000000087600000, 0x0000000087600000|100%| E|CS|TAMS 0x0000000087500000, 0x0000000087500000| Complete 
| 118|0x0000000087600000, 0x0000000087700000, 0x0000000087700000|100%| E|CS|TAMS 0x0000000087600000, 0x0000000087600000| Complete 
| 119|0x0000000087700000, 0x0000000087800000, 0x0000000087800000|100%| E|CS|TAMS 0x0000000087700000, 0x0000000087700000| Complete 
| 120|0x0000000087800000, 0x0000000087900000, 0x0000000087900000|100%| E|CS|TAMS 0x0000000087800000, 0x0000000087800000| Complete 
| 121|0x0000000087900000, 0x0000000087a00000, 0x0000000087a00000|100%| E|CS|TAMS 0x0000000087900000, 0x0000000087900000| Complete 
| 122|0x0000000087a00000, 0x0000000087b00000, 0x0000000087b00000|100%| E|CS|TAMS 0x0000000087a00000, 0x0000000087a00000| Complete 
| 123|0x0000000087b00000, 0x0000000087c00000, 0x0000000087c00000|100%| E|CS|TAMS 0x0000000087b00000, 0x0000000087b00000| Complete 
| 124|0x0000000087c00000, 0x0000000087d00000, 0x0000000087d00000|100%| E|CS|TAMS 0x0000000087c00000, 0x0000000087c00000| Complete 
| 125|0x0000000087d00000, 0x0000000087e00000, 0x0000000087e00000|100%| E|CS|TAMS 0x0000000087d00000, 0x0000000087d00000| Complete 
| 126|0x0000000087e00000, 0x0000000087f00000, 0x0000000087f00000|100%| E|CS|TAMS 0x0000000087e00000, 0x0000000087e00000| Complete 
| 127|0x0000000087f00000, 0x0000000088000000, 0x0000000088000000|100%| E|CS|TAMS 0x0000000087f00000, 0x0000000087f00000| Complete 
| 128|0x0000000088000000, 0x0000000088100000, 0x0000000088100000|100%| E|CS|TAMS 0x0000000088000000, 0x0000000088000000| Complete 
| 129|0x0000000088100000, 0x0000000088200000, 0x0000000088200000|100%| E|CS|TAMS 0x0000000088100000, 0x0000000088100000| Complete 
| 130|0x0000000088200000, 0x0000000088300000, 0x0000000088300000|100%| E|CS|TAMS 0x0000000088200000, 0x0000000088200000| Complete 
| 131|0x0000000088300000, 0x0000000088400000, 0x0000000088400000|100%| E|CS|TAMS 0x0000000088300000, 0x0000000088300000| Complete 
| 132|0x0000000088400000, 0x0000000088500000, 0x0000000088500000|100%| E|CS|TAMS 0x0000000088400000, 0x0000000088400000| Complete 
| 133|0x0000000088500000, 0x0000000088600000, 0x0000000088600000|100%| E|CS|TAMS 0x0000000088500000, 0x0000000088500000| Complete 
| 134|0x0000000088600000, 0x0000000088700000, 0x0000000088700000|100%| E|CS|TAMS 0x0000000088600000, 0x0000000088600000| Complete 
| 135|0x0000000088700000, 0x0000000088800000, 0x0000000088800000|100%| E|CS|TAMS 0x0000000088700000, 0x0000000088700000| Complete 
| 136|0x0000000088800000, 0x0000000088900000, 0x0000000088900000|100%| E|CS|TAMS 0x0000000088800000, 0x0000000088800000| Complete 
| 137|0x0000000088900000, 0x0000000088a00000, 0x0000000088a00000|100%| E|CS|TAMS 0x0000000088900000, 0x0000000088900000| Complete 
| 138|0x0000000088a00000, 0x0000000088b00000, 0x0000000088b00000|100%| E|CS|TAMS 0x0000000088a00000, 0x0000000088a00000| Complete 
| 139|0x0000000088b00000, 0x0000000088c00000, 0x0000000088c00000|100%| E|CS|TAMS 0x0000000088b00000, 0x0000000088b00000| Complete 

Card table byte_map: [0x000001ef49780000,0x000001ef49b80000] _byte_map_base: 0x000001ef49380000

Marking Bits (Prev, Next): (CMBitMap*) 0x000001ef365a8940, (CMBitMap*) 0x000001ef365a8908
 Prev Bits: [0x000001ef4bf80000, 0x000001ef4df80000)
 Next Bits: [0x000001ef49f80000, 0x000001ef4bf80000)

Polling page: 0x000001ef344c0000

Metaspace:

Usage:
  Non-class:     60.08 MB capacity,    58.81 MB ( 98%) used,     1.10 MB (  2%) free+waste,   171.19 KB ( <1%) overhead. 
      Class:      9.22 MB capacity,     8.62 MB ( 93%) used,   536.13 KB (  6%) free+waste,    80.50 KB ( <1%) overhead. 
       Both:     69.29 MB capacity,    67.43 MB ( 97%) used,     1.62 MB (  2%) free+waste,   251.69 KB ( <1%) overhead. 

Virtual space:
  Non-class space:       62.00 MB reserved,      60.25 MB ( 97%) committed 
      Class space:        1.00 GB reserved,       9.25 MB ( <1%) committed 
             Both:        1.06 GB reserved,      69.50 MB (  6%) committed 

Chunk freelists:
   Non-Class:  50.00 KB
       Class:  0 bytes
        Both:  50.00 KB

MaxMetaspaceSize: 17179869184.00 GB
CompressedClassSpaceSize: 1.00 GB

CodeHeap 'non-profiled nmethods': size=120000Kb used=4237Kb max_used=4237Kb free=115763Kb
 bounds [0x000001ef41b20000, 0x000001ef41f50000, 0x000001ef49050000]
CodeHeap 'profiled nmethods': size=120000Kb used=14592Kb max_used=14592Kb free=105407Kb
 bounds [0x000001ef3a5f0000, 0x000001ef3b440000, 0x000001ef41b20000]
CodeHeap 'non-nmethods': size=5760Kb used=2309Kb max_used=2309Kb free=3450Kb
 bounds [0x000001ef3a050000, 0x000001ef3a2c0000, 0x000001ef3a5f0000]
 total_blobs=7592 nmethods=6728 adapters=773
 compilation: enabled
              stopped_count=0, restarted_count=0
 full_count=0

Compilation events (20 events):
Event: 37.389 Thread 0x000001ef509bd000 nmethod 6706 0x000001ef3b416890 code [0x000001ef3b416a60, 0x000001ef3b416cc8]
Event: 37.389 Thread 0x000001ef509bd000 6707       3       org.gradle.internal.operations.BuildOperationDescriptor$Builder::build (54 bytes)
Event: 37.389 Thread 0x000001ef509bd000 nmethod 6707 0x000001ef3b416e10 code [0x000001ef3b416fe0, 0x000001ef3b4173a8]
Event: 37.390 Thread 0x000001ef509bd000 6708       3       org.gradle.internal.operations.BuildOperationDescriptor::<init> (18 bytes)
Event: 37.390 Thread 0x000001ef509bd000 nmethod 6708 0x000001ef3b417590 code [0x000001ef3b417740, 0x000001ef3b417888]
Event: 37.390 Thread 0x000001ef509bd000 6709       3       org.gradle.internal.operations.DefaultBuildOperationRunner::execute (140 bytes)
Event: 37.390 Thread 0x000001ef5566b000 6713       4       java.util.concurrent.ConcurrentHashMap::remove (8 bytes)
Event: 37.391 Thread 0x000001ef5566b000 nmethod 6713 0x000001ef41f41210 code [0x000001ef41f413a0, 0x000001ef41f41428]
Event: 37.392 Thread 0x000001ef509bd000 nmethod 6709 0x000001ef3b417990 code [0x000001ef3b417ca0, 0x000001ef3b419028]
Event: 37.392 Thread 0x000001ef509bd000 6710       3       org.gradle.internal.operations.DefaultBuildOperationExecutor$ListenerAdapter::stop (76 bytes)
Event: 37.394 Thread 0x000001ef509bd000 nmethod 6710 0x000001ef3b419910 code [0x000001ef3b419b40, 0x000001ef3b41a2c8]
Event: 37.394 Thread 0x000001ef509bd000 6714       3       org.gradle.api.internal.attributes.DefaultMutableAttributeContainer::checkInsertionAllowed (128 bytes)
Event: 37.396 Thread 0x000001ef509bd000 nmethod 6714 0x000001ef3b41a610 code [0x000001ef3b41a9a0, 0x000001ef3b41bd38]
Event: 37.396 Thread 0x000001ef509bd000 6711       3       org.gradle.internal.logging.progress.DefaultProgressLoggerFactory$ProgressLoggerImpl::completed (61 bytes)
Event: 37.397 Thread 0x000001ef509bd000 nmethod 6711 0x000001ef3b41c410 code [0x000001ef3b41c640, 0x000001ef3b41cdf8]
Event: 37.397 Thread 0x000001ef509bd000 6715       3       org.gradle.api.internal.provider.DefaultValueSourceProviderFactory$ValueSourceProvider::calculateOwnValue (18 bytes)
Event: 37.398 Thread 0x000001ef509bd000 nmethod 6715 0x000001ef3b41d110 code [0x000001ef3b41d3a0, 0x000001ef3b41e048]
Event: 37.398 Thread 0x000001ef509bd000 6716       3       org.gradle.api.internal.provider.DefaultValueSourceProviderFactory$ConfigurationTimeProvider::vetoAtConfigurationTime (1 bytes)
Event: 37.398 Thread 0x000001ef509bd000 nmethod 6716 0x000001ef3b41e490 code [0x000001ef3b41e640, 0x000001ef3b41e738]
Event: 37.398 Thread 0x000001ef509bd000 6717       3       org.gradle.api.internal.provider.DefaultValueSourceProviderFactory$LazilyObtainedValue::obtain (23 bytes)

GC Heap History (20 events):
Event: 32.966 GC heap before
{Heap before GC invocations=37 (full 0):
 garbage-first heap   total 98304K, used 75622K [0x0000000080000000, 0x0000000100000000)
  region size 1024K, 21 young (21504K), 3 survivors (3072K)
 Metaspace       used 48877K, capacity 50258K, committed 50560K, reserved 1093632K
  class space    used 6256K, capacity 6704K, committed 6784K, reserved 1048576K
}
Event: 32.973 GC heap after
{Heap after GC invocations=38 (full 0):
 garbage-first heap   total 98304K, used 58570K [0x0000000080000000, 0x0000000100000000)
  region size 1024K, 3 young (3072K), 3 survivors (3072K)
 Metaspace       used 48877K, capacity 50258K, committed 50560K, reserved 1093632K
  class space    used 6256K, capacity 6704K, committed 6784K, reserved 1048576K
}
Event: 33.618 GC heap before
{Heap before GC invocations=39 (full 0):
 garbage-first heap   total 98304K, used 77002K [0x0000000080000000, 0x0000000100000000)
  region size 1024K, 22 young (22528K), 3 survivors (3072K)
 Metaspace       used 49468K, capacity 50945K, committed 51200K, reserved 1093632K
  class space    used 6318K, capacity 6800K, committed 6912K, reserved 1048576K
}
Event: 33.627 GC heap after
{Heap after GC invocations=40 (full 0):
 garbage-first heap   total 118784K, used 60572K [0x0000000080000000, 0x0000000100000000)
  region size 1024K, 3 young (3072K), 3 survivors (3072K)
 Metaspace       used 49468K, capacity 50945K, committed 51200K, reserved 1093632K
  class space    used 6318K, capacity 6800K, committed 6912K, reserved 1048576K
}
Event: 33.734 GC heap before
{Heap before GC invocations=40 (full 0):
 garbage-first heap   total 118784K, used 64668K [0x0000000080000000, 0x0000000100000000)
  region size 1024K, 8 young (8192K), 3 survivors (3072K)
 Metaspace       used 49733K, capacity 51265K, committed 51456K, reserved 1093632K
  class space    used 6360K, capacity 6841K, committed 6912K, reserved 1048576K
}
Event: 33.742 GC heap after
{Heap after GC invocations=41 (full 0):
 garbage-first heap   total 118784K, used 61534K [0x0000000080000000, 0x0000000100000000)
  region size 1024K, 1 young (1024K), 1 survivors (1024K)
 Metaspace       used 49733K, capacity 51265K, committed 51456K, reserved 1093632K
  class space    used 6360K, capacity 6841K, committed 6912K, reserved 1048576K
}
Event: 33.965 GC heap before
{Heap before GC invocations=42 (full 0):
 garbage-first heap   total 118784K, used 67678K [0x0000000080000000, 0x0000000100000000)
  region size 1024K, 7 young (7168K), 1 survivors (1024K)
 Metaspace       used 49741K, capacity 51265K, committed 51456K, reserved 1093632K
  class space    used 6360K, capacity 6841K, committed 6912K, reserved 1048576K
}
Event: 33.972 GC heap after
{Heap after GC invocations=43 (full 0):
 garbage-first heap   total 118784K, used 67493K [0x0000000080000000, 0x0000000100000000)
  region size 1024K, 3 young (3072K), 3 survivors (3072K)
 Metaspace       used 49741K, capacity 51265K, committed 51456K, reserved 1093632K
  class space    used 6360K, capacity 6841K, committed 6912K, reserved 1048576K
}
Event: 34.424 GC heap before
{Heap before GC invocations=44 (full 0):
 garbage-first heap   total 118784K, used 85925K [0x0000000080000000, 0x0000000100000000)
  region size 1024K, 20 young (20480K), 3 survivors (3072K)
 Metaspace       used 51272K, capacity 52858K, committed 53120K, reserved 1095680K
  class space    used 6559K, capacity 7029K, committed 7040K, reserved 1048576K
}
Event: 34.429 GC heap after
{Heap after GC invocations=45 (full 0):
 garbage-first heap   total 118784K, used 70906K [0x0000000080000000, 0x0000000100000000)
  region size 1024K, 2 young (2048K), 2 survivors (2048K)
 Metaspace       used 51272K, capacity 52858K, committed 53120K, reserved 1095680K
  class space    used 6559K, capacity 7029K, committed 7040K, reserved 1048576K
}
Event: 34.973 GC heap before
{Heap before GC invocations=45 (full 0):
 garbage-first heap   total 118784K, used 88314K [0x0000000080000000, 0x0000000100000000)
  region size 1024K, 19 young (19456K), 2 survivors (2048K)
 Metaspace       used 53657K, capacity 55265K, committed 55552K, reserved 1097728K
  class space    used 6843K, capacity 7362K, committed 7424K, reserved 1048576K
}
Event: 34.982 GC heap after
{Heap after GC invocations=46 (full 0):
 garbage-first heap   total 143360K, used 71585K [0x0000000080000000, 0x0000000100000000)
  region size 1024K, 3 young (3072K), 3 survivors (3072K)
 Metaspace       used 53657K, capacity 55265K, committed 55552K, reserved 1097728K
  class space    used 6843K, capacity 7362K, committed 7424K, reserved 1048576K
}
Event: 35.654 GC heap before
{Heap before GC invocations=47 (full 0):
 garbage-first heap   total 143360K, used 99233K [0x0000000080000000, 0x0000000100000000)
  region size 1024K, 30 young (30720K), 3 survivors (3072K)
 Metaspace       used 58162K, capacity 59882K, committed 60160K, reserved 1101824K
  class space    used 7336K, capacity 7899K, committed 7936K, reserved 1048576K
}
Event: 35.657 GC heap after
{Heap after GC invocations=48 (full 0):
 garbage-first heap   total 143360K, used 72649K [0x0000000080000000, 0x0000000100000000)
  region size 1024K, 2 young (2048K), 2 survivors (2048K)
 Metaspace       used 58162K, capacity 59882K, committed 60160K, reserved 1101824K
  class space    used 7336K, capacity 7899K, committed 7936K, reserved 1048576K
}
Event: 36.167 GC heap before
{Heap before GC invocations=48 (full 0):
 garbage-first heap   total 143360K, used 104393K [0x0000000080000000, 0x0000000100000000)
  region size 1024K, 34 young (34816K), 2 survivors (2048K)
 Metaspace       used 62191K, capacity 63903K, committed 64000K, reserved 1105920K
  class space    used 7849K, capacity 8426K, committed 8448K, reserved 1048576K
}
Event: 36.173 GC heap after
{Heap after GC invocations=49 (full 0):
 garbage-first heap   total 143360K, used 75688K [0x0000000080000000, 0x0000000100000000)
  region size 1024K, 5 young (5120K), 5 survivors (5120K)
 Metaspace       used 62191K, capacity 63903K, committed 64000K, reserved 1105920K
  class space    used 7849K, capacity 8426K, committed 8448K, reserved 1048576K
}
Event: 36.527 GC heap before
{Heap before GC invocations=50 (full 0):
 garbage-first heap   total 143360K, used 104360K [0x0000000080000000, 0x0000000100000000)
  region size 1024K, 34 young (34816K), 5 survivors (5120K)
 Metaspace       used 65143K, capacity 66987K, committed 67200K, reserved 1107968K
  class space    used 8229K, capacity 8828K, committed 8832K, reserved 1048576K
}
Event: 36.534 GC heap after
{Heap after GC invocations=51 (full 0):
 garbage-first heap   total 143360K, used 78016K [0x0000000080000000, 0x0000000100000000)
  region size 1024K, 3 young (3072K), 3 survivors (3072K)
 Metaspace       used 65143K, capacity 66987K, committed 67200K, reserved 1107968K
  class space    used 8229K, capacity 8828K, committed 8832K, reserved 1048576K
}
Event: 36.946 GC heap before
{Heap before GC invocations=52 (full 0):
 garbage-first heap   total 143360K, used 110784K [0x0000000080000000, 0x0000000100000000)
  region size 1024K, 34 young (34816K), 3 survivors (3072K)
 Metaspace       used 66120K, capacity 67963K, committed 68224K, reserved 1107968K
  class space    used 8374K, capacity 8974K, committed 9088K, reserved 1048576K
}
Event: 36.956 GC heap after
{Heap after GC invocations=53 (full 0):
 garbage-first heap   total 143360K, used 80620K [0x0000000080000000, 0x0000000100000000)
  region size 1024K, 5 young (5120K), 5 survivors (5120K)
 Metaspace       used 66120K, capacity 67963K, committed 68224K, reserved 1107968K
  class space    used 8374K, capacity 8974K, committed 9088K, reserved 1048576K
}

Deoptimization events (20 events):
Event: 36.734 Thread 0x000001ef525da800 DEOPT PACKING pc=0x000001ef41caa280 sp=0x00000008d32f5f70
Event: 36.734 Thread 0x000001ef525da800 DEOPT UNPACKING pc=0x000001ef3a0778af sp=0x00000008d32f5f20 mode 2
Event: 36.758 Thread 0x000001ef525da800 Uncommon trap: trap_request=0xffffff4d fr.pc=0x000001ef41e36400 relative=0x0000000000000680
Event: 36.758 Thread 0x000001ef525da800 Uncommon trap: reason=unstable_if action=reinterpret pc=0x000001ef41e36400 method=groovy.lang.MetaClassImpl.filterPropertyMethod(Ljava/lang/Object;ZZ)Ljava/lang/Object; @ 60 c2
Event: 36.758 Thread 0x000001ef525da800 DEOPT PACKING pc=0x000001ef41e36400 sp=0x00000008d32f84b0
Event: 36.758 Thread 0x000001ef525da800 DEOPT UNPACKING pc=0x000001ef3a0778af sp=0x00000008d32f8428 mode 2
Event: 36.909 Thread 0x000001ef525da800 Uncommon trap: trap_request=0xfffffff4 fr.pc=0x000001ef41dee174 relative=0x00000000000007f4
Event: 36.909 Thread 0x000001ef525da800 Uncommon trap: reason=null_check action=make_not_entrant pc=0x000001ef41dee174 method=org.gradle.util.internal.SimpleMapInterner.intern(Ljava/lang/Object;)Ljava/lang/Object; @ 2 c2
Event: 36.909 Thread 0x000001ef525da800 DEOPT PACKING pc=0x000001ef41dee174 sp=0x00000008d32f7990
Event: 36.909 Thread 0x000001ef525da800 DEOPT UNPACKING pc=0x000001ef3a0778af sp=0x00000008d32f7958 mode 2
Event: 37.010 Thread 0x000001ef525da800 Uncommon trap: trap_request=0xffffff4d fr.pc=0x000001ef41f2632c relative=0x000000000000088c
Event: 37.010 Thread 0x000001ef525da800 Uncommon trap: reason=unstable_if action=reinterpret pc=0x000001ef41f2632c method=com.sun.beans.introspect.MethodInfo$MethodOrder.compare(Ljava/lang/reflect/Method;Ljava/lang/reflect/Method;)I @ 124 c2
Event: 37.010 Thread 0x000001ef525da800 DEOPT PACKING pc=0x000001ef41f2632c sp=0x00000008d32f6f40
Event: 37.010 Thread 0x000001ef525da800 DEOPT UNPACKING pc=0x000001ef3a0778af sp=0x00000008d32f6ee0 mode 2
Event: 37.010 Thread 0x000001ef525da800 Uncommon trap: trap_request=0xffffffde fr.pc=0x000001ef41c6b7a8 relative=0x00000000000009c8
Event: 37.010 Thread 0x000001ef525da800 Uncommon trap: reason=class_check action=maybe_recompile pc=0x000001ef41c6b7a8 method=java.util.WeakHashMap.eq(Ljava/lang/Object;Ljava/lang/Object;)Z @ 7 c2
Event: 37.010 Thread 0x000001ef525da800 DEOPT PACKING pc=0x000001ef41c6b7a8 sp=0x00000008d32f6fd0
Event: 37.010 Thread 0x000001ef525da800 DEOPT UNPACKING pc=0x000001ef3a0778af sp=0x00000008d32f6f40 mode 2
Event: 37.020 Thread 0x000001ef525da800 DEOPT PACKING pc=0x000001ef3abe2e79 sp=0x00000008d32f8660
Event: 37.020 Thread 0x000001ef525da800 DEOPT UNPACKING pc=0x000001ef3a0776ce sp=0x00000008d32f7b28 mode 0

Classes redefined (0 events):
No events

Internal exceptions (20 events):
Event: 36.960 Thread 0x000001ef525da800 Exception <a 'java/lang/ClassNotFoundException'{0x0000000088b524c0}: com/google/gms/googleservices/GoogleServicesPlugin$GoogleServicesPluginConfig_DecoratedCustomizer> (0x0000000088b524c0) thrown at [./src/hotspot/share/classfile/systemDictionary.cpp, line 231]
Event: 36.973 Thread 0x000001ef525da800 Exception <a 'java/lang/ClassNotFoundException'{0x0000000088bf7cd0}: org/gradle/configuration/internal/DefaultListenerBuildOperationDecorator$BuildOperationEmittingClosureBeanInfo> (0x0000000088bf7cd0) thrown at [./src/hotspot/share/classfile/systemDictionary.cpp, line 231]
Event: 36.975 Thread 0x000001ef525da800 Exception <a 'java/lang/ClassNotFoundException'{0x0000000088a38050}: org/gradle/configuration/internal/DefaultListenerBuildOperationDecorator$BuildOperationEmittingClosureCustomizer> (0x0000000088a38050) thrown at [./src/hotspot/share/classfile/systemDictionary.cpp, line 231]
Event: 36.979 Thread 0x000001ef525da800 Exception <a 'java/lang/ClassNotFoundException'{0x0000000088a7c380}: com/google/gms/googleservices/GoogleServicesPlugin$PluginTypeBeanInfo> (0x0000000088a7c380) thrown at [./src/hotspot/share/classfile/systemDictionary.cpp, line 231]
Event: 36.981 Thread 0x000001ef525da800 Exception <a 'java/lang/ClassNotFoundException'{0x0000000088a94ea8}: com/google/gms/googleservices/GoogleServicesPlugin$PluginTypeCustomizer> (0x0000000088a94ea8) thrown at [./src/hotspot/share/classfile/systemDictionary.cpp, line 231]
Event: 36.986 Thread 0x000001ef525da800 Exception <a 'java/lang/ClassNotFoundException'{0x0000000088ab8c48}: groovy/runtime/metaclass/[Lcom/google/gms/googleservices/GoogleServicesPlugin$PluginType;MetaClass> (0x0000000088ab8c48) thrown at [./src/hotspot/share/prims/jni.cpp, line 636]
Event: 36.987 Thread 0x000001ef525da800 Exception <a 'java/lang/ClassNotFoundException'{0x0000000088ac0fe8}: [Lcom/google/gms/googleservices/GoogleServicesPlugin$PluginType;BeanInfo> (0x0000000088ac0fe8) thrown at [./src/hotspot/share/prims/jni.cpp, line 636]
Event: 36.988 Thread 0x000001ef525da800 Exception <a 'java/lang/ClassNotFoundException'{0x0000000088ac2318}: [Lcom/google/gms/googleservices/GoogleServicesPlugin$PluginType;BeanInfo> (0x0000000088ac2318) thrown at [./src/hotspot/share/prims/jni.cpp, line 636]
Event: 36.988 Thread 0x000001ef525da800 Exception <a 'java/lang/ClassNotFoundException'{0x0000000088ac3648}: [Lcom/google/gms/googleservices/GoogleServicesPlugin$PluginType;BeanInfo> (0x0000000088ac3648) thrown at [./src/hotspot/share/prims/jni.cpp, line 636]
Event: 36.988 Thread 0x000001ef525da800 Exception <a 'java/lang/ClassNotFoundException'{0x0000000088ac4a88}: [Lcom/google/gms/googleservices/GoogleServicesPlugin$PluginType;Customizer> (0x0000000088ac4a88) thrown at [./src/hotspot/share/prims/jni.cpp, line 636]
Event: 36.988 Thread 0x000001ef525da800 Exception <a 'java/lang/ClassNotFoundException'{0x0000000088ac5dc0}: [Lcom/google/gms/googleservices/GoogleServicesPlugin$PluginType;Customizer> (0x0000000088ac5dc0) thrown at [./src/hotspot/share/prims/jni.cpp, line 636]
Event: 36.988 Thread 0x000001ef525da800 Exception <a 'java/lang/ClassNotFoundException'{0x0000000088ac70f8}: [Lcom/google/gms/googleservices/GoogleServicesPlugin$PluginType;Customizer> (0x0000000088ac70f8) thrown at [./src/hotspot/share/prims/jni.cpp, line 636]
Event: 37.001 Thread 0x000001ef525da800 Exception <a 'java/lang/ClassNotFoundException'{0x0000000088850de0}: org/gradle/api/internal/plugins/DefaultPluginContainerBeanInfo> (0x0000000088850de0) thrown at [./src/hotspot/share/classfile/systemDictionary.cpp, line 231]
Event: 37.003 Thread 0x000001ef525da800 Exception <a 'java/lang/ClassNotFoundException'{0x0000000088881968}: org/gradle/api/internal/plugins/DefaultPluginCollectionBeanInfo> (0x0000000088881968) thrown at [./src/hotspot/share/classfile/systemDictionary.cpp, line 231]
Event: 37.004 Thread 0x000001ef525da800 Exception <a 'java/lang/ClassNotFoundException'{0x00000000888af620}: org/gradle/api/internal/DefaultDomainObjectSetBeanInfo> (0x00000000888af620) thrown at [./src/hotspot/share/classfile/systemDictionary.cpp, line 231]
Event: 37.006 Thread 0x000001ef525da800 Exception <a 'java/lang/ClassNotFoundException'{0x00000000888dd428}: org/gradle/api/internal/DefaultDomainObjectSetCustomizer> (0x00000000888dd428) thrown at [./src/hotspot/share/classfile/systemDictionary.cpp, line 231]
Event: 37.009 Thread 0x000001ef525da800 Exception <a 'java/lang/ClassNotFoundException'{0x000000008871b688}: org/gradle/api/internal/plugins/DefaultPluginCollectionCustomizer> (0x000000008871b688) thrown at [./src/hotspot/share/classfile/systemDictionary.cpp, line 231]
Event: 37.014 Thread 0x000001ef525da800 Exception <a 'java/lang/ClassNotFoundException'{0x0000000088774c38}: org/gradle/api/internal/plugins/DefaultPluginContainerCustomizer> (0x0000000088774c38) thrown at [./src/hotspot/share/classfile/systemDictionary.cpp, line 231]
Event: 37.036 Thread 0x000001ef525da800 Exception <a 'java/lang/ClassNotFoundException'{0x0000000088583680}: org/gradle/api/internal/DefaultDomainObjectSet_DecoratedBeanInfo> (0x0000000088583680) thrown at [./src/hotspot/share/classfile/systemDictionary.cpp, line 231]
Event: 37.038 Thread 0x000001ef525da800 Exception <a 'java/lang/ClassNotFoundException'{0x00000000885b4e58}: org/gradle/api/internal/DefaultDomainObjectSet_DecoratedCustomizer> (0x00000000885b4e58) thrown at [./src/hotspot/share/classfile/systemDictionary.cpp, line 231]

Events (20 events):
Event: 37.377 loading class com/google/wireless/android/sdk/stats/GradleBuildVariant$DexBuilderTool$1
Event: 37.377 loading class com/google/wireless/android/sdk/stats/GradleBuildVariant$DexBuilderTool$1 done
Event: 37.378 loading class com/google/wireless/android/sdk/stats/GradleBuildVariant$DexMergerTool
Event: 37.378 loading class com/google/wireless/android/sdk/stats/GradleBuildVariant$DexMergerTool done
Event: 37.378 loading class com/google/wireless/android/sdk/stats/GradleBuildVariant$DexMergerTool$1
Event: 37.378 loading class com/google/wireless/android/sdk/stats/GradleBuildVariant$DexMergerTool$1 done
Event: 37.379 loading class com/android/build/gradle/internal/profile/AnalyticsUtil$1
Event: 37.379 loading class com/android/build/gradle/internal/profile/AnalyticsUtil$1 done
Event: 37.381 loading class com/google/wireless/android/sdk/stats/TestRun$TestExecution
Event: 37.381 loading class com/google/wireless/android/sdk/stats/TestRun$TestExecution done
Event: 37.382 loading class com/google/wireless/android/sdk/stats/TestRun$TestExecution$1
Event: 37.382 loading class com/google/wireless/android/sdk/stats/TestRun$TestExecution$1 done
Event: 37.383 loading class com/google/wireless/android/sdk/stats/GradleBuildVariant$Java8LangSupport
Event: 37.383 loading class com/google/wireless/android/sdk/stats/GradleBuildVariant$Java8LangSupport done
Event: 37.384 loading class com/google/wireless/android/sdk/stats/GradleBuildVariant$Java8LangSupport$1
Event: 37.384 loading class com/google/wireless/android/sdk/stats/GradleBuildVariant$Java8LangSupport$1 done
Event: 37.396 loading class com/android/build/gradle/internal/feature/BundleAllClasses$CreationAction
Event: 37.396 loading class com/android/build/gradle/internal/feature/BundleAllClasses$CreationAction done
Event: 37.398 loading class com/android/build/gradle/internal/tasks/factory/VariantTaskCreationAction
Event: 37.398 loading class com/android/build/gradle/internal/tasks/factory/VariantTaskCreationAction done


Dynamic libraries:
0x00007ff788eb0000 - 0x00007ff788eba000 	D:\Android Studio\jre\bin\java.exe
0x00007fff35f30000 - 0x00007fff36142000 	C:\WINDOWS\SYSTEM32\ntdll.dll
0x00007fff34660000 - 0x00007fff34722000 	C:\WINDOWS\System32\KERNEL32.DLL
0x00007fff33400000 - 0x00007fff3379b000 	C:\WINDOWS\System32\KERNELBASE.dll
0x00007fff33ae0000 - 0x00007fff33bf1000 	C:\WINDOWS\System32\ucrtbase.dll
0x00007fff2e450000 - 0x00007fff2e467000 	D:\Android Studio\jre\bin\VCRUNTIME140.dll
0x00007fff2e470000 - 0x00007fff2e489000 	D:\Android Studio\jre\bin\jli.dll
0x00007fff35150000 - 0x00007fff352fb000 	C:\WINDOWS\System32\USER32.dll
0x00007fff192f0000 - 0x00007fff1957e000 	C:\WINDOWS\WinSxS\amd64_microsoft.windows.common-controls_6595b64144ccf1df_6.0.22598.1_none_5f058c2d9dc925ef\COMCTL32.dll
0x00007fff33d20000 - 0x00007fff33d46000 	C:\WINDOWS\System32\win32u.dll
0x00007fff347e0000 - 0x00007fff34809000 	C:\WINDOWS\System32\GDI32.dll
0x00007fff33c00000 - 0x00007fff33d18000 	C:\WINDOWS\System32\gdi32full.dll
0x00007fff35480000 - 0x00007fff35525000 	C:\WINDOWS\System32\msvcrt.dll
0x00007fff337a0000 - 0x00007fff3383a000 	C:\WINDOWS\System32\msvcp_win.dll
0x00007fff34620000 - 0x00007fff34651000 	C:\WINDOWS\System32\IMM32.DLL
0x00007fff182c0000 - 0x00007fff1835d000 	D:\Android Studio\jre\bin\msvcp140.dll
0x00007ffe97a20000 - 0x00007ffe984ef000 	D:\Android Studio\jre\bin\server\jvm.dll
0x00007fff33ed0000 - 0x00007fff33f7e000 	C:\WINDOWS\System32\ADVAPI32.dll
0x00007fff33d50000 - 0x00007fff33df4000 	C:\WINDOWS\System32\sechost.dll
0x00007fff34910000 - 0x00007fff34a25000 	C:\WINDOWS\System32\RPCRT4.dll
0x00007fff14600000 - 0x00007fff14609000 	C:\WINDOWS\SYSTEM32\WSOCK32.dll
0x00007fff2be20000 - 0x00007fff2be54000 	C:\WINDOWS\SYSTEM32\WINMM.dll
0x00007fff35ed0000 - 0x00007fff35ed8000 	C:\WINDOWS\System32\PSAPI.DLL
0x00007fff2b640000 - 0x00007fff2b64a000 	C:\WINDOWS\SYSTEM32\VERSION.dll
0x00007fff33f80000 - 0x00007fff33ff1000 	C:\WINDOWS\System32\WS2_32.dll
0x00007fff323e0000 - 0x00007fff323f8000 	C:\WINDOWS\SYSTEM32\kernel.appcore.dll
0x00007fff13af0000 - 0x00007fff13b01000 	D:\Android Studio\jre\bin\verify.dll
0x00007fff30f30000 - 0x00007fff3115e000 	C:\WINDOWS\SYSTEM32\DBGHELP.DLL
0x00007fff34c00000 - 0x00007fff34f86000 	C:\WINDOWS\System32\combase.dll
0x00007fff35550000 - 0x00007fff35627000 	C:\WINDOWS\System32\OLEAUT32.dll
0x00007fff155b0000 - 0x00007fff155e2000 	C:\WINDOWS\SYSTEM32\dbgcore.DLL
0x00007fff33380000 - 0x00007fff333fb000 	C:\WINDOWS\System32\bcryptPrimitives.dll
0x00007fff13ac0000 - 0x00007fff13ae9000 	D:\Android Studio\jre\bin\java.dll
0x00007fff16ce0000 - 0x00007fff16ceb000 	D:\Android Studio\jre\bin\jimage.dll
0x00007fff13aa0000 - 0x00007fff13ab8000 	D:\Android Studio\jre\bin\zip.dll
0x00007fff356f0000 - 0x00007fff35ecc000 	C:\WINDOWS\System32\SHELL32.dll
0x00007fff31390000 - 0x00007fff31c46000 	C:\WINDOWS\SYSTEM32\windows.storage.dll
0x00007fff31250000 - 0x00007fff3138d000 	C:\WINDOWS\SYSTEM32\wintypes.dll
0x00007fff34810000 - 0x00007fff34901000 	C:\WINDOWS\System32\SHCORE.dll
0x00007fff35630000 - 0x00007fff3568e000 	C:\WINDOWS\System32\shlwapi.dll
0x00007fff332b0000 - 0x00007fff332d1000 	C:\WINDOWS\SYSTEM32\profapi.dll
0x00007fff13a80000 - 0x00007fff13a9a000 	D:\Android Studio\jre\bin\net.dll
0x00007fff2b9d0000 - 0x00007fff2baff000 	C:\WINDOWS\SYSTEM32\WINHTTP.dll
0x00007fff32830000 - 0x00007fff32899000 	C:\WINDOWS\system32\mswsock.dll
0x00007fff13a60000 - 0x00007fff13a74000 	D:\Android Studio\jre\bin\nio.dll
0x00007fff178e0000 - 0x00007fff17907000 	C:\Users\cnirb\.gradle\native\8bec1ad78214c89d9ad589b4d07fe93259594b29d510b10fafb7a158f7737e5d\windows-amd64\native-platform.dll
0x00007fff136c0000 - 0x00007fff137fd000 	C:\Users\cnirb\.gradle\native\53dbd7edfb1c66fb8903c78663c9afc45aea4f116125fa6feffd364cf09443e8\windows-amd64\native-platform-file-events.dll
0x00007fff16cb0000 - 0x00007fff16cba000 	D:\Android Studio\jre\bin\management.dll
0x00007fff14680000 - 0x00007fff1468c000 	D:\Android Studio\jre\bin\management_ext.dll
0x00007fff32a90000 - 0x00007fff32aab000 	C:\WINDOWS\SYSTEM32\CRYPTSP.dll
0x00007fff32350000 - 0x00007fff32385000 	C:\WINDOWS\system32\rsaenh.dll
0x00007fff32930000 - 0x00007fff32958000 	C:\WINDOWS\SYSTEM32\USERENV.dll
0x00007fff32c60000 - 0x00007fff32c88000 	C:\WINDOWS\SYSTEM32\bcrypt.dll
0x00007fff32a80000 - 0x00007fff32a8c000 	C:\WINDOWS\SYSTEM32\CRYPTBASE.dll
0x00007fff31ea0000 - 0x00007fff31ecd000 	C:\WINDOWS\SYSTEM32\IPHLPAPI.DLL
0x00007fff33e90000 - 0x00007fff33e99000 	C:\WINDOWS\System32\NSI.dll
0x00007fff2b820000 - 0x00007fff2b839000 	C:\WINDOWS\SYSTEM32\dhcpcsvc6.DLL
0x00007fff2b800000 - 0x00007fff2b81f000 	C:\WINDOWS\SYSTEM32\dhcpcsvc.DLL
0x00007fff31f10000 - 0x00007fff32002000 	C:\WINDOWS\SYSTEM32\DNSAPI.dll

dbghelp: loaded successfully - version: 4.0.5 - missing functions: none
symbol engine: initialized successfully - sym options: 0x614 - pdb path: .;D:\Android Studio\jre\bin;C:\WINDOWS\SYSTEM32;C:\WINDOWS\WinSxS\amd64_microsoft.windows.common-controls_6595b64144ccf1df_6.0.22598.1_none_5f058c2d9dc925ef;D:\Android Studio\jre\bin\server;C:\Users\cnirb\.gradle\native\8bec1ad78214c89d9ad589b4d07fe93259594b29d510b10fafb7a158f7737e5d\windows-amd64;C:\Users\cnirb\.gradle\native\53dbd7edfb1c66fb8903c78663c9afc45aea4f116125fa6feffd364cf09443e8\windows-amd64

VM Arguments:
jvm_args: --add-opens=java.base/java.util=ALL-UNNAMED --add-opens=java.base/java.lang=ALL-UNNAMED --add-opens=java.base/java.lang.invoke=ALL-UNNAMED --add-opens=java.base/java.util=ALL-UNNAMED --add-opens=java.prefs/java.util.prefs=ALL-UNNAMED --add-opens=java.prefs/java.util.prefs=ALL-UNNAMED --add-opens=java.base/java.nio.charset=ALL-UNNAMED --add-opens=java.base/java.net=ALL-UNNAMED --add-opens=java.base/java.util.concurrent.atomic=ALL-UNNAMED -Xmx2048m -Dfile.encoding=UTF-8 -Duser.country=IN -Duser.language=en -Duser.variant 
java_command: org.gradle.launcher.daemon.bootstrap.GradleDaemon 7.0.2
java_class_path (initial): C:\Users\cnirb\.gradle\wrapper\dists\gradle-7.0.2-bin\857tjihv64xamwrf0h14cai3r\gradle-7.0.2\lib\gradle-launcher-7.0.2.jar
Launcher Type: SUN_STANDARD

[Global flags]
     intx CICompilerCount                          = 4                                         {product} {ergonomic}
     uint ConcGCThreads                            = 2                                         {product} {ergonomic}
     uint G1ConcRefinementThreads                  = 8                                         {product} {ergonomic}
   size_t G1HeapRegionSize                         = 1048576                                   {product} {ergonomic}
    uintx GCDrainStackTargetSize                   = 64                                        {product} {ergonomic}
   size_t InitialHeapSize                          = 67108864                                  {product} {ergonomic}
   size_t MarkStackSize                            = 4194304                                   {product} {ergonomic}
   size_t MaxHeapSize                              = 2147483648                                {product} {command line}
   size_t MaxNewSize                               = 1287651328                                {product} {ergonomic}
   size_t MinHeapDeltaBytes                        = 1048576                                   {product} {ergonomic}
    uintx NonNMethodCodeHeapSize                   = 5836300                                {pd product} {ergonomic}
    uintx NonProfiledCodeHeapSize                  = 122910970                              {pd product} {ergonomic}
    uintx ProfiledCodeHeapSize                     = 122910970                              {pd product} {ergonomic}
    uintx ReservedCodeCacheSize                    = 251658240                              {pd product} {ergonomic}
     bool SegmentedCodeCache                       = true                                      {product} {ergonomic}
     bool UseCompressedClassPointers               = true                                 {lp64_product} {ergonomic}
     bool UseCompressedOops                        = true                                 {lp64_product} {ergonomic}
     bool UseG1GC                                  = true                                      {product} {ergonomic}
     bool UseLargePagesIndividualAllocation        = false                                  {pd product} {ergonomic}

Logging:
Log output configuration:
 #0: stdout all=warning uptime,level,tags
 #1: stderr all=off uptime,level,tags

Environment Variables:
PATH=C:\ProgramData\Oracle\Java\javapath;C:\Program Files\Common Files\Oracle\Java\javapath;C:\WINDOWS\system32;C:\WINDOWS;C:\WINDOWS\System32\Wbem;C:\WINDOWS\System32\WindowsPowerShell\v1.0\;C:\WINDOWS\System32\OpenSSH\;C:\Program Files\Git\cmd;C:\Program Files\Java\jdk-15.0.2\bin;C:\Users\cnirb\AppData\Local\Programs\Microsoft VS Code\bin;C:\Program Files\Cloudflare\Cloudflare WARP;C:\Users\cnirb\AppData\Local\Programs\Microsoft VS Code\bin;C:\Users\cnirb\AppData\Local\Microsoft\WindowsApps;C:\Users\cnirb\AppData\Local\GitHubDesktop\bin
USERNAME=cnirb
OS=Windows_NT
PROCESSOR_IDENTIFIER=Intel64 Family 6 Model 142 Stepping 12, GenuineIntel



---------------  S Y S T E M  ---------------

OS: Windows 10 , 64 bit Build 22598 (10.0.22598.1)
OS uptime: 0 days 2:07 hours

CPU:total 8 (initial active 8) (4 cores per cpu, 2 threads per core) family 6 model 142 stepping 12 microcode 0xde, cmov, cx8, fxsr, mmx, sse, sse2, sse3, ssse3, sse4.1, sse4.2, popcnt, avx, avx2, aes, clmul, erms, 3dnowpref, lzcnt, ht, tsc, tscinvbit, bmi1, bmi2, adx, fma

Memory: 4k page, system-wide physical 3974M (724M free)
TotalPageFile size 16262M (AvailPageFile size 9M)
current process WorkingSet (physical memory assigned to process): 352M, peak: 358M
current process commit charge ("private bytes"): 407M, peak: 414M

vm_info: OpenJDK 64-Bit Server VM (11.0.10+0-b96-7249189) for windows-amd64 JRE (11.0.10+0-b96-7249189), built on Mar 31 2021 21:44:00 by "builder" with MS VC++ 14.0 (VS2015)

END.
