#
# There is insufficient memory for the Java Runtime Environment to continue.
# Native memory allocation (mmap) failed to map 78643200 bytes for Failed to commit area from 0x00000000cd300000 to 0x00000000d1e00000 of length 78643200.
# Possible reasons:
#   The system is out of physical RAM or swap space
#   The process is running with CompressedOops enabled, and the Java Heap may be blocking the growth of the native heap
# Possible solutions:
#   Reduce memory load on the system
#   Increase physical memory or swap space
#   Check if swap backing store is full
#   Decrease Java heap size (-Xmx/-Xms)
#   Decrease number of Java threads
#   Decrease Java thread stack sizes (-Xss)
#   Set larger code cache with -XX:ReservedCodeCacheSize=
#   JVM is running with Unscaled Compressed Oops mode in which the Java heap is
#     placed in the first 4GB address space. The Java Heap base address is the
#     maximum limit for the native heap growth. Please use -XX:HeapBaseMinAddress
#     to set the Java Heap base and to place the Java Heap above 4GB virtual address.
# This output file may be truncated or incomplete.
#
#  Out of Memory Error (./src/hotspot/os/windows/os_windows.cpp:3301), pid=17712, tid=3868
#
# JRE version: OpenJDK Runtime Environment (11.0.10) (build 11.0.10+0-b96-7249189)
# Java VM: OpenJDK 64-Bit Server VM (11.0.10+0-b96-7249189, mixed mode, tiered, compressed oops, g1 gc, windows-amd64)
# No core dump will be written. Minidumps are not enabled by default on client versions of Windows
#

---------------  S U M M A R Y ------------

Command Line: --add-opens=java.base/java.util=ALL-UNNAMED --add-opens=java.base/java.lang=ALL-UNNAMED --add-opens=java.base/java.lang.invoke=ALL-UNNAMED --add-opens=java.base/java.util=ALL-UNNAMED --add-opens=java.prefs/java.util.prefs=ALL-UNNAMED --add-opens=java.prefs/java.util.prefs=ALL-UNNAMED --add-opens=java.base/java.nio.charset=ALL-UNNAMED --add-opens=java.base/java.net=ALL-UNNAMED --add-opens=java.base/java.util.concurrent.atomic=ALL-UNNAMED -Xmx1024m -Dfile.encoding=UTF-8 -Duser.country=IN -Duser.language=en -Duser.variant org.gradle.launcher.daemon.bootstrap.GradleDaemon 7.0.2

Host: Intel(R) Core(TM) i5-8265U CPU @ 1.60GHz, 8 cores, 3G,  Windows 10 , 64 bit Build 22598 (10.0.22598.1)
Time: Sat Apr 30 16:30:37 2022 India Standard Time elapsed time: 750.179785 seconds (0d 0h 12m 30s)

---------------  T H R E A D  ---------------

Current thread (0x0000014ec2f2c800):  VMThread "VM Thread" [stack: 0x000000234fc00000,0x000000234fd00000] [id=3868]

Stack: [0x000000234fc00000,0x000000234fd00000]
[error occurred during error reporting (printing stack bounds), id 0xc0000005, EXCEPTION_ACCESS_VIOLATION (0xc0000005) at pc=0x0000014eaec00f2d]

Native frames: (J=compiled Java code, j=interpreted, Vv=VM code, C=native code)
V  [jvm.dll+0x5ecfaa]
V  [jvm.dll+0x722bd5]
V  [jvm.dll+0x72412d]
V  [jvm.dll+0x724745]
V  [jvm.dll+0x7246fb]
V  [jvm.dll+0x5ec348]
V  [jvm.dll+0x5ecad8]
C  [ntdll.dll+0xa3bff]
C  [ntdll.dll+0x1eaa6]
C  [ntdll.dll+0xa2bee]
C  0x0000014eaec00f2d

VM_Operation (0x00000023542fce20): G1CollectForAllocation, mode: safepoint, requested by thread 0x0000014eca7db000


---------------  P R O C E S S  ---------------

Threads class SMR info:
_java_thread_list=0x0000014ecdb1cba0, length=72, elements={
0x0000014eab11a000, 0x0000014ec2f31000, 0x0000014ec2f3b000, 0x0000014ec2f50000,
0x0000014ec38b0800, 0x0000014ec38b1800, 0x0000014ec38b3800, 0x0000014ec38b6800,
0x0000014ec38bc000, 0x0000014ec3a01800, 0x0000014ec4f69800, 0x0000014ec46e6800,
0x0000014ec4e22800, 0x0000014ec3c50800, 0x0000014ec3c4f800, 0x0000014ec3c52000,
0x0000014ec3c53000, 0x0000014ec3c54800, 0x0000014ec3c4f000, 0x0000014ec3c55800,
0x0000014ec4a33000, 0x0000014ec4a36000, 0x0000014ec4a35800, 0x0000014ec4a33800,
0x0000014ec4a39800, 0x0000014ec4a34800, 0x0000014ec4a3b000, 0x0000014ec4a3c000,
0x0000014ec4025000, 0x0000014ec4027000, 0x0000014ec4a40000, 0x0000014ec3c51800,
0x0000014ec4027800, 0x0000014ec4a40800, 0x0000014ec4028800, 0x0000014ec402a000,
0x0000014ec402b000, 0x0000014ec4026000, 0x0000014ec402f800, 0x0000014ec4030800,
0x0000014ec402e000, 0x0000014ec402f000, 0x0000014ec4032000, 0x0000014ec4031800,
0x0000014ec402c800, 0x0000014ec4033000, 0x0000014ec402d800, 0x0000014ec4034000,
0x0000014ec4a3d800, 0x0000014ec4a37800, 0x0000014ec4a3e800, 0x0000014ec4a38800,
0x0000014ec4a3f000, 0x0000014ec4a3a000, 0x0000014ec4a41800, 0x0000014ec3c54000,
0x0000014eca7d6000, 0x0000014eca7d7800, 0x0000014eca7d7000, 0x0000014eca7d8800,
0x0000014eca7d9000, 0x0000014eca7d3800, 0x0000014eca7da000, 0x0000014eca7d4800,
0x0000014eca7db000, 0x0000014eca7df000, 0x0000014eca7d5000, 0x0000014eca7db800,
0x0000014eca7e2000, 0x0000014eca7de000, 0x0000014eca7dd800, 0x0000014eca7e0000
}

Java Threads: ( => current thread )
  0x0000014eab11a000 JavaThread "main" [_thread_blocked, id=4612, stack(0x000000234f600000,0x000000234f700000)]
  0x0000014ec2f31000 JavaThread "Reference Handler" daemon [_thread_blocked, id=21196, stack(0x000000234fd00000,0x000000234fe00000)]
  0x0000014ec2f3b000 JavaThread "Finalizer" daemon [_thread_blocked, id=21428, stack(0x000000234fe00000,0x000000234ff00000)]
  0x0000014ec2f50000 JavaThread "Signal Dispatcher" daemon [_thread_blocked, id=20364, stack(0x000000234ff00000,0x0000002350000000)]
  0x0000014ec38b0800 JavaThread "Attach Listener" daemon [_thread_blocked, id=4404, stack(0x0000002350000000,0x0000002350100000)]
  0x0000014ec38b1800 JavaThread "Service Thread" daemon [_thread_blocked, id=1444, stack(0x0000002350100000,0x0000002350200000)]
  0x0000014ec38b3800 JavaThread "C2 CompilerThread0" daemon [_thread_blocked, id=21460, stack(0x0000002350200000,0x0000002350300000)]
  0x0000014ec38b6800 JavaThread "C1 CompilerThread0" daemon [_thread_blocked, id=13060, stack(0x0000002350300000,0x0000002350400000)]
  0x0000014ec38bc000 JavaThread "Sweeper thread" daemon [_thread_blocked, id=19972, stack(0x0000002350400000,0x0000002350500000)]
  0x0000014ec3a01800 JavaThread "Common-Cleaner" daemon [_thread_blocked, id=13340, stack(0x0000002350500000,0x0000002350600000)]
  0x0000014ec4f69800 JavaThread "Daemon health stats" [_thread_blocked, id=10084, stack(0x0000002350800000,0x0000002350900000)]
  0x0000014ec46e6800 JavaThread "Incoming local TCP Connector on port 52315" [_thread_in_native, id=3280, stack(0x0000002350900000,0x0000002350a00000)]
  0x0000014ec4e22800 JavaThread "Daemon periodic checks" [_thread_blocked, id=18472, stack(0x0000002350a00000,0x0000002350b00000)]
  0x0000014ec3c50800 JavaThread "Cache worker for file hash cache (C:\Users\cnirb\.gradle\caches\7.0.2\fileHashes)" [_thread_blocked, id=8716, stack(0x0000002351800000,0x0000002351900000)]
  0x0000014ec3c4f800 JavaThread "File lock request listener" [_thread_in_native, id=9000, stack(0x0000002351900000,0x0000002351a00000)]
  0x0000014ec3c52000 JavaThread "Cache worker for journal cache (C:\Users\cnirb\.gradle\caches\journal-1)" [_thread_blocked, id=9828, stack(0x0000002351b00000,0x0000002351c00000)]
  0x0000014ec3c53000 JavaThread "File watcher server" daemon [_thread_blocked, id=20968, stack(0x0000002351d00000,0x0000002351e00000)]
  0x0000014ec3c54800 JavaThread "File watcher consumer" daemon [_thread_blocked, id=8612, stack(0x0000002351e00000,0x0000002351f00000)]
  0x0000014ec3c4f000 JavaThread "jar transforms" [_thread_blocked, id=8600, stack(0x0000002351f00000,0x0000002352000000)]
  0x0000014ec3c55800 JavaThread "jar transforms Thread 2" [_thread_blocked, id=9024, stack(0x0000002352000000,0x0000002352100000)]
  0x0000014ec4a33000 JavaThread "jar transforms Thread 3" [_thread_blocked, id=8616, stack(0x0000002352100000,0x0000002352200000)]
  0x0000014ec4a36000 JavaThread "jar transforms Thread 4" [_thread_blocked, id=10296, stack(0x0000002352200000,0x0000002352300000)]
  0x0000014ec4a35800 JavaThread "jar transforms Thread 5" [_thread_blocked, id=14772, stack(0x0000002352300000,0x0000002352400000)]
  0x0000014ec4a33800 JavaThread "jar transforms Thread 6" [_thread_blocked, id=10276, stack(0x0000002352400000,0x0000002352500000)]
  0x0000014ec4a39800 JavaThread "jar transforms Thread 7" [_thread_blocked, id=2372, stack(0x0000002352500000,0x0000002352600000)]
  0x0000014ec4a34800 JavaThread "jar transforms Thread 8" [_thread_blocked, id=13564, stack(0x0000002352600000,0x0000002352700000)]
  0x0000014ec4a3b000 JavaThread "Cache worker for execution history cache (C:\Users\cnirb\.gradle\caches\7.0.2\executionHistory)" [_thread_blocked, id=17340, stack(0x0000002352a00000,0x0000002352b00000)]
  0x0000014ec4a3c000 JavaThread "Cache worker for file content cache (C:\Users\cnirb\.gradle\caches\7.0.2\fileContent)" [_thread_blocked, id=10448, stack(0x0000002352b00000,0x0000002352c00000)]
  0x0000014ec4025000 JavaThread "Memory manager" [_thread_blocked, id=8328, stack(0x0000002353900000,0x0000002353a00000)]
  0x0000014ec4027000 JavaThread "pool-3-thread-1" [_thread_blocked, id=21352, stack(0x0000002353b00000,0x0000002353c00000)]
  0x0000014ec4a40000 JavaThread "pool-6-thread-1" [_thread_blocked, id=17544, stack(0x0000002353400000,0x0000002353500000)]
  0x0000014ec3c51800 JavaThread "Daemon Thread 3" [_thread_blocked, id=9016, stack(0x000000234f300000,0x000000234f400000)]
  0x0000014ec4027800 JavaThread "Daemon worker Thread 3" [_thread_blocked, id=3884, stack(0x0000002350b00000,0x0000002350c00000)]
  0x0000014ec4a40800 JavaThread "pool-9-thread-1" [_thread_blocked, id=15084, stack(0x0000002353500000,0x0000002353600000)]
  0x0000014ec4028800 JavaThread "Handler for socket connection from /127.0.0.1:52315 to /127.0.0.1:52737" [_thread_in_native, id=19704, stack(0x000000234f400000,0x000000234f500000)]
  0x0000014ec402a000 JavaThread "Cancel handler" [_thread_blocked, id=4764, stack(0x000000234f500000,0x000000234f600000)]
  0x0000014ec402b000 JavaThread "Asynchronous log dispatcher for DefaultDaemonConnection: socket connection from /127.0.0.1:52315 to /127.0.0.1:52737" [_thread_blocked, id=2700, stack(0x0000002350c00000,0x0000002350d00000)]
  0x0000014ec4026000 JavaThread "Stdin handler" [_thread_blocked, id=20996, stack(0x0000002350d00000,0x0000002350e00000)]
  0x0000014ec402f800 JavaThread "Daemon client event forwarder" [_thread_blocked, id=8720, stack(0x0000002350e00000,0x0000002350f00000)]
  0x0000014ec4030800 JavaThread "Cache worker for file hash cache (C:\Users\cnirb\AndroidStudioProjects\Manifold\.gradle\7.0.2\fileHashes)" [_thread_blocked, id=8792, stack(0x0000002350f00000,0x0000002351000000)]
  0x0000014ec402e000 JavaThread "Cache worker for checksums cache (C:\Users\cnirb\AndroidStudioProjects\Manifold\.gradle\checksums)" [_thread_blocked, id=296, stack(0x0000002351000000,0x0000002351100000)]
  0x0000014ec402f000 JavaThread "Cache worker for cache directory md-supplier (C:\Users\cnirb\.gradle\caches\7.0.2\md-supplier)" [_thread_blocked, id=18264, stack(0x0000002351100000,0x0000002351200000)]
  0x0000014ec4032000 JavaThread "Cache worker for cache directory md-rule (C:\Users\cnirb\.gradle\caches\7.0.2\md-rule)" [_thread_blocked, id=20444, stack(0x0000002351c00000,0x0000002351d00000)]
  0x0000014ec4031800 JavaThread "Cache worker for dependencies-accessors (C:\Users\cnirb\AndroidStudioProjects\Manifold\.gradle\7.0.2\dependencies-accessors)" [_thread_blocked, id=7480, stack(0x0000002352700000,0x0000002352800000)]
  0x0000014ec402c800 JavaThread "Cache worker for Build Output Cleanup Cache (C:\Users\cnirb\AndroidStudioProjects\Manifold\.gradle\buildOutputCleanup)" [_thread_blocked, id=17588, stack(0x0000002352800000,0x0000002352900000)]
  0x0000014ec4033000 JavaThread "Build operations" [_thread_blocked, id=15196, stack(0x0000002352900000,0x0000002352a00000)]
  0x0000014ec402d800 JavaThread "Build operations Thread 2" [_thread_blocked, id=14860, stack(0x0000002352c00000,0x0000002352d00000)]
  0x0000014ec4034000 JavaThread "Build operations Thread 3" [_thread_blocked, id=14780, stack(0x0000002352d00000,0x0000002352e00000)]
  0x0000014ec4a3d800 JavaThread "Build operations Thread 4" [_thread_blocked, id=10848, stack(0x0000002352e00000,0x0000002352f00000)]
  0x0000014ec4a37800 JavaThread "Build operations Thread 5" [_thread_blocked, id=10620, stack(0x0000002352f00000,0x0000002353000000)]
  0x0000014ec4a3e800 JavaThread "Build operations Thread 6" [_thread_blocked, id=13624, stack(0x0000002353000000,0x0000002353100000)]
  0x0000014ec4a38800 JavaThread "Build operations Thread 7" [_thread_blocked, id=1312, stack(0x0000002353100000,0x0000002353200000)]
  0x0000014ec4a3f000 JavaThread "Build operations Thread 8" [_thread_blocked, id=4332, stack(0x0000002353200000,0x0000002353300000)]
  0x0000014ec4a3a000 JavaThread "build event listener" [_thread_blocked, id=20080, stack(0x0000002353300000,0x0000002353400000)]
  0x0000014ec4a41800 JavaThread "pool-12-thread-1" [_thread_blocked, id=15900, stack(0x0000002353600000,0x0000002353700000)]
  0x0000014ec3c54000 JavaThread "build event listener" [_thread_blocked, id=7852, stack(0x0000002353700000,0x0000002353800000)]
  0x0000014eca7d6000 JavaThread "Execution worker for ':'" [_thread_blocked, id=4512, stack(0x0000002353800000,0x0000002353900000)]
  0x0000014eca7d7800 JavaThread "Execution worker for ':' Thread 2" [_thread_blocked, id=6232, stack(0x0000002353a00000,0x0000002353b00000)]
  0x0000014eca7d7000 JavaThread "Execution worker for ':' Thread 3" [_thread_blocked, id=10580, stack(0x0000002353c00000,0x0000002353d00000)]
  0x0000014eca7d8800 JavaThread "Execution worker for ':' Thread 4" [_thread_blocked, id=11340, stack(0x0000002353d00000,0x0000002353e00000)]
  0x0000014eca7d9000 JavaThread "Execution worker for ':' Thread 5" [_thread_blocked, id=9116, stack(0x0000002353e00000,0x0000002353f00000)]
  0x0000014eca7d3800 JavaThread "Execution worker for ':' Thread 6" [_thread_blocked, id=13336, stack(0x0000002353f00000,0x0000002354000000)]
  0x0000014eca7da000 JavaThread "Execution worker for ':' Thread 7" [_thread_blocked, id=5388, stack(0x0000002354000000,0x0000002354100000)]
  0x0000014eca7d4800 JavaThread "Cache worker for execution history cache (C:\Users\cnirb\AndroidStudioProjects\Manifold\.gradle\7.0.2\executionHistory)" [_thread_blocked, id=9148, stack(0x0000002354100000,0x0000002354200000)]
  0x0000014eca7db000 JavaThread "WorkerExecutor Queue" [_thread_blocked, id=13904, stack(0x0000002354200000,0x0000002354300000)]
  0x0000014eca7df000 JavaThread "WorkerExecutor Queue Thread 3" [_thread_blocked, id=19828, stack(0x0000002354400000,0x0000002354500000)]
  0x0000014eca7d5000 JavaThread "WorkerExecutor Queue Thread 4" [_thread_blocked, id=8736, stack(0x0000002354300000,0x0000002354400000)]
  0x0000014eca7db800 JavaThread "WorkerExecutor Queue Thread 5" [_thread_blocked, id=2044, stack(0x0000002354500000,0x0000002354600000)]
  0x0000014eca7e2000 JavaThread "WorkerExecutor Queue Thread 6" [_thread_blocked, id=13176, stack(0x0000002354600000,0x0000002354700000)]
  0x0000014eca7de000 JavaThread "WorkerExecutor Queue Thread 7" [_thread_blocked, id=20732, stack(0x0000002354700000,0x0000002354800000)]
  0x0000014eca7dd800 JavaThread "WorkerExecutor Queue Thread 8" [_thread_blocked, id=20168, stack(0x0000002354800000,0x0000002354900000)]
  0x0000014eca7e0000 JavaThread "WorkerExecutor Queue Thread 9" [_thread_blocked, id=8100, stack(0x0000002354900000,0x0000002354a00000)]

Other Threads:
=>0x0000014ec2f2c800 VMThread "VM Thread" [stack: 0x000000234fc00000,0x000000234fd00000] [id=3868]
  0x0000014ec3a08000 WatcherThread [stack: 0x0000002350600000,0x0000002350700000] [id=17344]
  0x0000014eab132000 GCTaskThread "GC Thread#0" [stack: 0x000000234f700000,0x000000234f800000] [id=13820]
  0x0000014ec4581800 GCTaskThread "GC Thread#1" [stack: 0x0000002350700000,0x0000002350800000] [id=9068]
  0x0000014ec3c6a800 GCTaskThread "GC Thread#2" [stack: 0x0000002351200000,0x0000002351300000] [id=7092]
  0x0000014ec3d58800 GCTaskThread "GC Thread#3" [stack: 0x0000002351300000,0x0000002351400000] [id=18876]
  0x0000014ec3d59000 GCTaskThread "GC Thread#4" [stack: 0x0000002351400000,0x0000002351500000] [id=15972]
  0x0000014ec4495800 GCTaskThread "GC Thread#5" [stack: 0x0000002351500000,0x0000002351600000] [id=15348]
  0x0000014ec4496800 GCTaskThread "GC Thread#6" [stack: 0x0000002351600000,0x0000002351700000] [id=20900]
  0x0000014ec4497000 GCTaskThread "GC Thread#7" [stack: 0x0000002351700000,0x0000002351800000] [id=18492]
  0x0000014eab14e000 ConcurrentGCThread "G1 Main Marker" [stack: 0x000000234f800000,0x000000234f900000] [id=720]
  0x0000014eab150000 ConcurrentGCThread "G1 Conc#0" [stack: 0x000000234f900000,0x000000234fa00000] [id=21268]
  0x0000014ec49ff800 ConcurrentGCThread "G1 Conc#1" [stack: 0x0000002351a00000,0x0000002351b00000] [id=8604]
  0x0000014eab1b8000 ConcurrentGCThread "G1 Refine#0" [stack: 0x000000234fa00000,0x000000234fb00000] [id=708]
  0x0000014eab1bc000 ConcurrentGCThread "G1 Young RemSet Sampling" [stack: 0x000000234fb00000,0x000000234fc00000] [id=12664]

Threads with active compile tasks:
C2 CompilerThread0 750222 16554       4       com.sun.org.apache.xerces.internal.impl.XMLEntityScanner::scanLiteral (755 bytes)

VM state:at safepoint (normal execution)

VM Mutex/Monitor currently owned by a thread:  ([mutex/lock_event])
[0x0000014eab1165f0] Threads_lock - owner thread: 0x0000014ec2f2c800
[0x0000014eab1152d0] Heap_lock - owner thread: 0x0000014eca7db000

Heap address: 0x00000000c0000000, size: 1024 MB, Compressed Oops mode: 32-bit
Narrow klass base: 0x0000000000000000, Narrow klass shift: 3
Compressed class space size: 1073741824 Address: 0x0000000100000000

Heap:
 garbage-first heap   total 292864K, used 152638K [0x00000000c0000000, 0x0000000100000000)
  region size 1024K, 3 young (3072K), 3 survivors (3072K)
 Metaspace       used 112427K, capacity 115785K, committed 115968K, reserved 1150976K
  class space    used 13843K, capacity 14984K, committed 15104K, reserved 1048576K
Heap Regions: E=young(eden), S=young(survivor), O=old, HS=humongous(starts), HC=humongous(continues), CS=collection set, F=free, A=archive, TAMS=top-at-mark-start (previous, next)
|   0|0x00000000c0000000, 0x00000000c0100000, 0x00000000c0100000|100%| O|  |TAMS 0x00000000c0100000, 0x00000000c0000000| Updating 
|   1|0x00000000c0100000, 0x00000000c0200000, 0x00000000c0200000|100%| O|  |TAMS 0x00000000c0200000, 0x00000000c0100000| Updating 
|   2|0x00000000c0200000, 0x00000000c0300000, 0x00000000c0300000|100%| O|  |TAMS 0x00000000c0300000, 0x00000000c0200000| Updating 
|   3|0x00000000c0300000, 0x00000000c0400000, 0x00000000c0400000|100%|HS|  |TAMS 0x00000000c0400000, 0x00000000c0300000| Complete 
|   4|0x00000000c0400000, 0x00000000c0500000, 0x00000000c0500000|100%|HC|  |TAMS 0x00000000c0500000, 0x00000000c0400000| Complete 
|   5|0x00000000c0500000, 0x00000000c0600000, 0x00000000c0600000|100%|HC|  |TAMS 0x00000000c0600000, 0x00000000c0500000| Complete 
|   6|0x00000000c0600000, 0x00000000c0700000, 0x00000000c0700000|100%| O|  |TAMS 0x00000000c0700000, 0x00000000c0600000| Updating 
|   7|0x00000000c0700000, 0x00000000c0800000, 0x00000000c0800000|100%| O|  |TAMS 0x00000000c0800000, 0x00000000c0700000| Updating 
|   8|0x00000000c0800000, 0x00000000c0900000, 0x00000000c0900000|100%| O|  |TAMS 0x00000000c0900000, 0x00000000c0800000| Updating 
|   9|0x00000000c0900000, 0x00000000c0a00000, 0x00000000c0a00000|100%| O|  |TAMS 0x00000000c0a00000, 0x00000000c0900000| Updating 
|  10|0x00000000c0a00000, 0x00000000c0b00000, 0x00000000c0b00000|100%| O|  |TAMS 0x00000000c0b00000, 0x00000000c0a00000| Updating 
|  11|0x00000000c0b00000, 0x00000000c0c00000, 0x00000000c0c00000|100%| O|  |TAMS 0x00000000c0c00000, 0x00000000c0b00000| Updating 
|  12|0x00000000c0c00000, 0x00000000c0d00000, 0x00000000c0d00000|100%| O|  |TAMS 0x00000000c0d00000, 0x00000000c0c00000| Updating 
|  13|0x00000000c0d00000, 0x00000000c0e00000, 0x00000000c0e00000|100%| O|  |TAMS 0x00000000c0e00000, 0x00000000c0d00000| Updating 
|  14|0x00000000c0e00000, 0x00000000c0f00000, 0x00000000c0f00000|100%| O|  |TAMS 0x00000000c0f00000, 0x00000000c0e00000| Updating 
|  15|0x00000000c0f00000, 0x00000000c1000000, 0x00000000c1000000|100%| O|  |TAMS 0x00000000c1000000, 0x00000000c0f00000| Updating 
|  16|0x00000000c1000000, 0x00000000c1100000, 0x00000000c1100000|100%|HS|  |TAMS 0x00000000c1100000, 0x00000000c1000000| Complete 
|  17|0x00000000c1100000, 0x00000000c1200000, 0x00000000c1200000|100%|HC|  |TAMS 0x00000000c1200000, 0x00000000c1100000| Complete 
|  18|0x00000000c1200000, 0x00000000c1300000, 0x00000000c1300000|100%|HS|  |TAMS 0x00000000c1300000, 0x00000000c1200000| Complete 
|  19|0x00000000c1300000, 0x00000000c1400000, 0x00000000c1400000|100%|HC|  |TAMS 0x00000000c1400000, 0x00000000c1300000| Complete 
|  20|0x00000000c1400000, 0x00000000c1500000, 0x00000000c1500000|100%|HC|  |TAMS 0x00000000c1500000, 0x00000000c1400000| Complete 
|  21|0x00000000c1500000, 0x00000000c1600000, 0x00000000c1600000|100%|HS|  |TAMS 0x00000000c1600000, 0x00000000c1500000| Complete 
|  22|0x00000000c1600000, 0x00000000c1700000, 0x00000000c1700000|100%|HC|  |TAMS 0x00000000c1700000, 0x00000000c1600000| Complete 
|  23|0x00000000c1700000, 0x00000000c1800000, 0x00000000c1800000|100%|HC|  |TAMS 0x00000000c1800000, 0x00000000c1700000| Complete 
|  24|0x00000000c1800000, 0x00000000c1900000, 0x00000000c1900000|100%|HC|  |TAMS 0x00000000c1900000, 0x00000000c1800000| Complete 
|  25|0x00000000c1900000, 0x00000000c1a00000, 0x00000000c1a00000|100%|HC|  |TAMS 0x00000000c1a00000, 0x00000000c1900000| Complete 
|  26|0x00000000c1a00000, 0x00000000c1b00000, 0x00000000c1b00000|100%| O|  |TAMS 0x00000000c1b00000, 0x00000000c1a00000| Updating 
|  27|0x00000000c1b00000, 0x00000000c1c00000, 0x00000000c1c00000|100%| O|  |TAMS 0x00000000c1c00000, 0x00000000c1b00000| Updating 
|  28|0x00000000c1c00000, 0x00000000c1d00000, 0x00000000c1d00000|100%| O|  |TAMS 0x00000000c1d00000, 0x00000000c1c00000| Updating 
|  29|0x00000000c1d00000, 0x00000000c1e00000, 0x00000000c1e00000|100%| O|  |TAMS 0x00000000c1e00000, 0x00000000c1d00000| Updating 
|  30|0x00000000c1e00000, 0x00000000c1f00000, 0x00000000c1f00000|100%| O|  |TAMS 0x00000000c1f00000, 0x00000000c1e00000| Updating 
|  31|0x00000000c1f00000, 0x00000000c2000000, 0x00000000c2000000|100%| O|  |TAMS 0x00000000c2000000, 0x00000000c1f00000| Updating 
|  32|0x00000000c2000000, 0x00000000c2100000, 0x00000000c2100000|100%| O|  |TAMS 0x00000000c2100000, 0x00000000c2000000| Updating 
|  33|0x00000000c2100000, 0x00000000c2200000, 0x00000000c2200000|100%| O|  |TAMS 0x00000000c2200000, 0x00000000c2100000| Updating 
|  34|0x00000000c2200000, 0x00000000c2300000, 0x00000000c2300000|100%| O|  |TAMS 0x00000000c2300000, 0x00000000c2200000| Updating 
|  35|0x00000000c2300000, 0x00000000c2400000, 0x00000000c2400000|100%| O|  |TAMS 0x00000000c2400000, 0x00000000c2300000| Updating 
|  36|0x00000000c2400000, 0x00000000c2500000, 0x00000000c2500000|100%| O|  |TAMS 0x00000000c2500000, 0x00000000c2400000| Updating 
|  37|0x00000000c2500000, 0x00000000c2600000, 0x00000000c2600000|100%| O|  |TAMS 0x00000000c2500000, 0x00000000c2500000| Untracked 
|  38|0x00000000c2600000, 0x00000000c2700000, 0x00000000c2700000|100%| O|  |TAMS 0x00000000c2700000, 0x00000000c2600000| Updating 
|  39|0x00000000c2700000, 0x00000000c2800000, 0x00000000c2800000|100%| O|  |TAMS 0x00000000c2800000, 0x00000000c2700000| Updating 
|  40|0x00000000c2800000, 0x00000000c2900000, 0x00000000c2900000|100%| O|  |TAMS 0x00000000c2900000, 0x00000000c2800000| Updating 
|  41|0x00000000c2900000, 0x00000000c2a00000, 0x00000000c2a00000|100%| O|  |TAMS 0x00000000c2a00000, 0x00000000c2900000| Updating 
|  42|0x00000000c2a00000, 0x00000000c2b00000, 0x00000000c2b00000|100%|HS|  |TAMS 0x00000000c2b00000, 0x00000000c2a00000| Complete 
|  43|0x00000000c2b00000, 0x00000000c2c00000, 0x00000000c2c00000|100%|HC|  |TAMS 0x00000000c2c00000, 0x00000000c2b00000| Complete 
|  44|0x00000000c2c00000, 0x00000000c2d00000, 0x00000000c2d00000|100%|HC|  |TAMS 0x00000000c2d00000, 0x00000000c2c00000| Complete 
|  45|0x00000000c2d00000, 0x00000000c2e00000, 0x00000000c2e00000|100%|HC|  |TAMS 0x00000000c2e00000, 0x00000000c2d00000| Complete 
|  46|0x00000000c2e00000, 0x00000000c2f00000, 0x00000000c2f00000|100%|HC|  |TAMS 0x00000000c2f00000, 0x00000000c2e00000| Complete 
|  47|0x00000000c2f00000, 0x00000000c3000000, 0x00000000c3000000|100%|HS|  |TAMS 0x00000000c3000000, 0x00000000c2f00000| Complete 
|  48|0x00000000c3000000, 0x00000000c3100000, 0x00000000c3100000|100%|HC|  |TAMS 0x00000000c3100000, 0x00000000c3000000| Complete 
|  49|0x00000000c3100000, 0x00000000c3200000, 0x00000000c3200000|100%|HC|  |TAMS 0x00000000c3200000, 0x00000000c3100000| Complete 
|  50|0x00000000c3200000, 0x00000000c3300000, 0x00000000c3300000|100%| O|  |TAMS 0x00000000c3300000, 0x00000000c3200000| Updating 
|  51|0x00000000c3300000, 0x00000000c3400000, 0x00000000c3400000|100%| O|  |TAMS 0x00000000c3400000, 0x00000000c3300000| Updating 
|  52|0x00000000c3400000, 0x00000000c3500000, 0x00000000c3500000|100%| O|  |TAMS 0x00000000c3500000, 0x00000000c3400000| Updating 
|  53|0x00000000c3500000, 0x00000000c3600000, 0x00000000c3600000|100%| O|  |TAMS 0x00000000c3600000, 0x00000000c3500000| Updating 
|  54|0x00000000c3600000, 0x00000000c3700000, 0x00000000c3700000|100%| O|  |TAMS 0x00000000c3700000, 0x00000000c3600000| Updating 
|  55|0x00000000c3700000, 0x00000000c3800000, 0x00000000c3800000|100%| O|  |TAMS 0x00000000c3800000, 0x00000000c3700000| Updating 
|  56|0x00000000c3800000, 0x00000000c3900000, 0x00000000c3900000|100%| O|  |TAMS 0x00000000c3900000, 0x00000000c3800000| Updating 
|  57|0x00000000c3900000, 0x00000000c3a00000, 0x00000000c3a00000|100%| O|  |TAMS 0x00000000c3a00000, 0x00000000c3900000| Updating 
|  58|0x00000000c3a00000, 0x00000000c3b00000, 0x00000000c3b00000|100%| O|  |TAMS 0x00000000c3b00000, 0x00000000c3a00000| Updating 
|  59|0x00000000c3b00000, 0x00000000c3c00000, 0x00000000c3c00000|100%| O|  |TAMS 0x00000000c3c00000, 0x00000000c3b00000| Updating 
|  60|0x00000000c3c00000, 0x00000000c3d00000, 0x00000000c3d00000|100%|HS|  |TAMS 0x00000000c3d00000, 0x00000000c3c00000| Complete 
|  61|0x00000000c3d00000, 0x00000000c3e00000, 0x00000000c3e00000|100%|HS|  |TAMS 0x00000000c3e00000, 0x00000000c3d00000| Complete 
|  62|0x00000000c3e00000, 0x00000000c3f00000, 0x00000000c3f00000|100%| O|  |TAMS 0x00000000c3f00000, 0x00000000c3e00000| Updating 
|  63|0x00000000c3f00000, 0x00000000c4000000, 0x00000000c4000000|100%| O|  |TAMS 0x00000000c3f00000, 0x00000000c3f00000| Untracked 
|  64|0x00000000c4000000, 0x00000000c4100000, 0x00000000c4100000|100%|HS|  |TAMS 0x00000000c4100000, 0x00000000c4000000| Complete 
|  65|0x00000000c4100000, 0x00000000c4200000, 0x00000000c4200000|100%|HC|  |TAMS 0x00000000c4200000, 0x00000000c4100000| Complete 
|  66|0x00000000c4200000, 0x00000000c4300000, 0x00000000c4300000|100%| O|  |TAMS 0x00000000c4300000, 0x00000000c4200000| Updating 
|  67|0x00000000c4300000, 0x00000000c4400000, 0x00000000c4400000|100%| O|  |TAMS 0x00000000c4400000, 0x00000000c4300000| Updating 
|  68|0x00000000c4400000, 0x00000000c4500000, 0x00000000c4500000|100%| O|  |TAMS 0x00000000c4500000, 0x00000000c4400000| Updating 
|  69|0x00000000c4500000, 0x00000000c4600000, 0x00000000c4600000|100%| O|  |TAMS 0x00000000c4600000, 0x00000000c4500000| Updating 
|  70|0x00000000c4600000, 0x00000000c4700000, 0x00000000c4700000|100%| O|  |TAMS 0x00000000c4700000, 0x00000000c4600000| Updating 
|  71|0x00000000c4700000, 0x00000000c4800000, 0x00000000c4800000|100%| O|  |TAMS 0x00000000c4800000, 0x00000000c4700000| Updating 
|  72|0x00000000c4800000, 0x00000000c4900000, 0x00000000c4900000|100%| O|  |TAMS 0x00000000c4900000, 0x00000000c4800000| Updating 
|  73|0x00000000c4900000, 0x00000000c4a00000, 0x00000000c4a00000|100%| O|  |TAMS 0x00000000c4a00000, 0x00000000c4900000| Updating 
|  74|0x00000000c4a00000, 0x00000000c4b00000, 0x00000000c4b00000|100%| O|  |TAMS 0x00000000c4b00000, 0x00000000c4a00000| Updating 
|  75|0x00000000c4b00000, 0x00000000c4c00000, 0x00000000c4c00000|100%| O|  |TAMS 0x00000000c4c00000, 0x00000000c4b00000| Updating 
|  76|0x00000000c4c00000, 0x00000000c4d00000, 0x00000000c4d00000|100%| O|  |TAMS 0x00000000c4d00000, 0x00000000c4c00000| Updating 
|  77|0x00000000c4d00000, 0x00000000c4e00000, 0x00000000c4e00000|100%| O|  |TAMS 0x00000000c4e00000, 0x00000000c4d00000| Updating 
|  78|0x00000000c4e00000, 0x00000000c4f00000, 0x00000000c4f00000|100%| O|  |TAMS 0x00000000c4f00000, 0x00000000c4e00000| Updating 
|  79|0x00000000c4f00000, 0x00000000c5000000, 0x00000000c5000000|100%| O|  |TAMS 0x00000000c5000000, 0x00000000c4f00000| Updating 
|  80|0x00000000c5000000, 0x00000000c5100000, 0x00000000c5100000|100%| O|  |TAMS 0x00000000c5100000, 0x00000000c5000000| Updating 
|  81|0x00000000c5100000, 0x00000000c515a600, 0x00000000c5200000| 35%| O|  |TAMS 0x00000000c5100000, 0x00000000c5100000| Untracked 
|  82|0x00000000c5200000, 0x00000000c5300000, 0x00000000c5300000|100%| O|  |TAMS 0x00000000c5300000, 0x00000000c5200000| Updating 
|  83|0x00000000c5300000, 0x00000000c5400000, 0x00000000c5400000|100%| O|  |TAMS 0x00000000c5400000, 0x00000000c5300000| Updating 
|  84|0x00000000c5400000, 0x00000000c5500000, 0x00000000c5500000|100%| O|  |TAMS 0x00000000c5500000, 0x00000000c5400000| Updating 
|  85|0x00000000c5500000, 0x00000000c5600000, 0x00000000c5600000|100%| O|  |TAMS 0x00000000c5600000, 0x00000000c5500000| Updating 
|  86|0x00000000c5600000, 0x00000000c5700000, 0x00000000c5700000|100%| O|  |TAMS 0x00000000c5700000, 0x00000000c5600000| Updating 
|  87|0x00000000c5700000, 0x00000000c5800000, 0x00000000c5800000|100%| O|  |TAMS 0x00000000c5800000, 0x00000000c5700000| Updating 
|  88|0x00000000c5800000, 0x00000000c5900000, 0x00000000c5900000|100%| O|  |TAMS 0x00000000c5900000, 0x00000000c5800000| Updating 
|  89|0x00000000c5900000, 0x00000000c5a00000, 0x00000000c5a00000|100%| O|  |TAMS 0x00000000c5a00000, 0x00000000c5900000| Updating 
|  90|0x00000000c5a00000, 0x00000000c5b00000, 0x00000000c5b00000|100%| O|  |TAMS 0x00000000c5b00000, 0x00000000c5a00000| Updating 
|  91|0x00000000c5b00000, 0x00000000c5b00000, 0x00000000c5c00000|  0%| F|  |TAMS 0x00000000c5b00000, 0x00000000c5b00000| Untracked 
|  92|0x00000000c5c00000, 0x00000000c5d00000, 0x00000000c5d00000|100%| O|  |TAMS 0x00000000c5d00000, 0x00000000c5c00000| Updating 
|  93|0x00000000c5d00000, 0x00000000c5e00000, 0x00000000c5e00000|100%| O|  |TAMS 0x00000000c5e00000, 0x00000000c5d00000| Updating 
|  94|0x00000000c5e00000, 0x00000000c5f00000, 0x00000000c5f00000|100%| O|  |TAMS 0x00000000c5f00000, 0x00000000c5e00000| Updating 
|  95|0x00000000c5f00000, 0x00000000c6000000, 0x00000000c6000000|100%| O|  |TAMS 0x00000000c6000000, 0x00000000c5f00000| Updating 
|  96|0x00000000c6000000, 0x00000000c6100000, 0x00000000c6100000|100%| O|  |TAMS 0x00000000c6100000, 0x00000000c6000000| Updating 
|  97|0x00000000c6100000, 0x00000000c6200000, 0x00000000c6200000|100%| O|  |TAMS 0x00000000c6200000, 0x00000000c6100000| Updating 
|  98|0x00000000c6200000, 0x00000000c6300000, 0x00000000c6300000|100%| O|  |TAMS 0x00000000c6300000, 0x00000000c6200000| Updating 
|  99|0x00000000c6300000, 0x00000000c6400000, 0x00000000c6400000|100%| O|  |TAMS 0x00000000c6400000, 0x00000000c6300000| Updating 
| 100|0x00000000c6400000, 0x00000000c6500000, 0x00000000c6500000|100%| O|  |TAMS 0x00000000c6500000, 0x00000000c6400000| Updating 
| 101|0x00000000c6500000, 0x00000000c6600000, 0x00000000c6600000|100%| O|  |TAMS 0x00000000c6600000, 0x00000000c6500000| Updating 
| 102|0x00000000c6600000, 0x00000000c6700000, 0x00000000c6700000|100%| O|  |TAMS 0x00000000c6700000, 0x00000000c6600000| Updating 
| 103|0x00000000c6700000, 0x00000000c6800000, 0x00000000c6800000|100%| O|  |TAMS 0x00000000c6800000, 0x00000000c6700000| Updating 
| 104|0x00000000c6800000, 0x00000000c6800000, 0x00000000c6900000|  0%| F|  |TAMS 0x00000000c6800000, 0x00000000c6800000| Untracked 
| 105|0x00000000c6900000, 0x00000000c6a00000, 0x00000000c6a00000|100%| O|  |TAMS 0x00000000c6a00000, 0x00000000c6900000| Updating 
| 106|0x00000000c6a00000, 0x00000000c6b00000, 0x00000000c6b00000|100%| O|  |TAMS 0x00000000c6b00000, 0x00000000c6a00000| Updating 
| 107|0x00000000c6b00000, 0x00000000c6c00000, 0x00000000c6c00000|100%| O|  |TAMS 0x00000000c6c00000, 0x00000000c6b00000| Updating 
| 108|0x00000000c6c00000, 0x00000000c6d00000, 0x00000000c6d00000|100%| O|  |TAMS 0x00000000c6d00000, 0x00000000c6c00000| Updating 
| 109|0x00000000c6d00000, 0x00000000c6e00000, 0x00000000c6e00000|100%| O|  |TAMS 0x00000000c6e00000, 0x00000000c6d00000| Updating 
| 110|0x00000000c6e00000, 0x00000000c6f00000, 0x00000000c6f00000|100%| O|  |TAMS 0x00000000c6f00000, 0x00000000c6e00000| Updating 
| 111|0x00000000c6f00000, 0x00000000c7000000, 0x00000000c7000000|100%| O|  |TAMS 0x00000000c7000000, 0x00000000c6f00000| Updating 
| 112|0x00000000c7000000, 0x00000000c7000000, 0x00000000c7100000|  0%| F|  |TAMS 0x00000000c7000000, 0x00000000c7000000| Untracked 
| 113|0x00000000c7100000, 0x00000000c7200000, 0x00000000c7200000|100%| O|  |TAMS 0x00000000c7200000, 0x00000000c7100000| Updating 
| 114|0x00000000c7200000, 0x00000000c7300000, 0x00000000c7300000|100%| O|  |TAMS 0x00000000c7300000, 0x00000000c7200000| Updating 
| 115|0x00000000c7300000, 0x00000000c7400000, 0x00000000c7400000|100%| O|  |TAMS 0x00000000c7400000, 0x00000000c7300000| Updating 
| 116|0x00000000c7400000, 0x00000000c7400000, 0x00000000c7500000|  0%| F|  |TAMS 0x00000000c7400000, 0x00000000c7400000| Untracked 
| 117|0x00000000c7500000, 0x00000000c7600000, 0x00000000c7600000|100%| O|  |TAMS 0x00000000c7600000, 0x00000000c7500000| Updating 
| 118|0x00000000c7600000, 0x00000000c7700000, 0x00000000c7700000|100%| O|  |TAMS 0x00000000c7700000, 0x00000000c7600000| Updating 
| 119|0x00000000c7700000, 0x00000000c7700000, 0x00000000c7800000|  0%| F|  |TAMS 0x00000000c7700000, 0x00000000c7700000| Untracked 
| 120|0x00000000c7800000, 0x00000000c7900000, 0x00000000c7900000|100%| O|  |TAMS 0x00000000c7900000, 0x00000000c7800000| Updating 
| 121|0x00000000c7900000, 0x00000000c7a00000, 0x00000000c7a00000|100%| O|  |TAMS 0x00000000c7a00000, 0x00000000c7900000| Updating 
| 122|0x00000000c7a00000, 0x00000000c7b00000, 0x00000000c7b00000|100%| O|  |TAMS 0x00000000c7b00000, 0x00000000c7a00000| Updating 
| 123|0x00000000c7b00000, 0x00000000c7c00000, 0x00000000c7c00000|100%| O|  |TAMS 0x00000000c7c00000, 0x00000000c7b00000| Updating 
| 124|0x00000000c7c00000, 0x00000000c7d00000, 0x00000000c7d00000|100%| O|  |TAMS 0x00000000c7d00000, 0x00000000c7c00000| Updating 
| 125|0x00000000c7d00000, 0x00000000c7e00000, 0x00000000c7e00000|100%| O|  |TAMS 0x00000000c7e00000, 0x00000000c7d00000| Updating 
| 126|0x00000000c7e00000, 0x00000000c7f00000, 0x00000000c7f00000|100%| O|  |TAMS 0x00000000c7f00000, 0x00000000c7e00000| Updating 
| 127|0x00000000c7f00000, 0x00000000c8000000, 0x00000000c8000000|100%| O|  |TAMS 0x00000000c8000000, 0x00000000c7f00000| Updating 
| 128|0x00000000c8000000, 0x00000000c8100000, 0x00000000c8100000|100%| O|  |TAMS 0x00000000c8100000, 0x00000000c8000000| Updating 
| 129|0x00000000c8100000, 0x00000000c8200000, 0x00000000c8200000|100%| O|  |TAMS 0x00000000c8200000, 0x00000000c8100000| Updating 
| 130|0x00000000c8200000, 0x00000000c8300000, 0x00000000c8300000|100%| O|  |TAMS 0x00000000c8300000, 0x00000000c8200000| Updating 
| 131|0x00000000c8300000, 0x00000000c8400000, 0x00000000c8400000|100%| O|  |TAMS 0x00000000c8400000, 0x00000000c8300000| Updating 
| 132|0x00000000c8400000, 0x00000000c8500000, 0x00000000c8500000|100%| O|  |TAMS 0x00000000c8500000, 0x00000000c8400000| Updating 
| 133|0x00000000c8500000, 0x00000000c8600000, 0x00000000c8600000|100%| O|  |TAMS 0x00000000c8600000, 0x00000000c8500000| Updating 
| 134|0x00000000c8600000, 0x00000000c8700000, 0x00000000c8700000|100%| O|  |TAMS 0x00000000c8700000, 0x00000000c8600000| Updating 
| 135|0x00000000c8700000, 0x00000000c8800000, 0x00000000c8800000|100%| O|  |TAMS 0x00000000c8800000, 0x00000000c8700000| Updating 
| 136|0x00000000c8800000, 0x00000000c8900000, 0x00000000c8900000|100%| O|  |TAMS 0x00000000c8900000, 0x00000000c8800000| Updating 
| 137|0x00000000c8900000, 0x00000000c8a00000, 0x00000000c8a00000|100%| O|  |TAMS 0x00000000c8a00000, 0x00000000c8900000| Updating 
| 138|0x00000000c8a00000, 0x00000000c8a00000, 0x00000000c8b00000|  0%| F|  |TAMS 0x00000000c8a00000, 0x00000000c8a00000| Untracked 
| 139|0x00000000c8b00000, 0x00000000c8c00000, 0x00000000c8c00000|100%| O|  |TAMS 0x00000000c8c00000, 0x00000000c8b00000| Updating 
| 140|0x00000000c8c00000, 0x00000000c8d00000, 0x00000000c8d00000|100%| O|  |TAMS 0x00000000c8d00000, 0x00000000c8c00000| Updating 
| 141|0x00000000c8d00000, 0x00000000c8e00000, 0x00000000c8e00000|100%| O|  |TAMS 0x00000000c8e00000, 0x00000000c8d00000| Updating 
| 142|0x00000000c8e00000, 0x00000000c8f00000, 0x00000000c8f00000|100%| O|  |TAMS 0x00000000c8f00000, 0x00000000c8e00000| Updating 
| 143|0x00000000c8f00000, 0x00000000c9000000, 0x00000000c9000000|100%| O|  |TAMS 0x00000000c9000000, 0x00000000c8f00000| Updating 
| 144|0x00000000c9000000, 0x00000000c9100000, 0x00000000c9100000|100%| O|  |TAMS 0x00000000c9100000, 0x00000000c9000000| Updating 
| 145|0x00000000c9100000, 0x00000000c9200000, 0x00000000c9200000|100%| O|  |TAMS 0x00000000c9200000, 0x00000000c9100000| Updating 
| 146|0x00000000c9200000, 0x00000000c9300000, 0x00000000c9300000|100%| O|  |TAMS 0x00000000c92e2e00, 0x00000000c9200000| Updating 
| 147|0x00000000c9300000, 0x00000000c9400000, 0x00000000c9400000|100%| O|  |TAMS 0x00000000c9300000, 0x00000000c9300000| Untracked 
| 148|0x00000000c9400000, 0x00000000c9500000, 0x00000000c9500000|100%| O|  |TAMS 0x00000000c9400000, 0x00000000c9400000| Untracked 
| 149|0x00000000c9500000, 0x00000000c9600000, 0x00000000c9600000|100%| O|  |TAMS 0x00000000c9600000, 0x00000000c9500000| Updating 
| 150|0x00000000c9600000, 0x00000000c9600000, 0x00000000c9700000|  0%| F|  |TAMS 0x00000000c9600000, 0x00000000c9600000| Untracked 
| 151|0x00000000c9700000, 0x00000000c9700000, 0x00000000c9800000|  0%| F|  |TAMS 0x00000000c9700000, 0x00000000c9700000| Untracked 
| 152|0x00000000c9800000, 0x00000000c9800000, 0x00000000c9900000|  0%| F|  |TAMS 0x00000000c9800000, 0x00000000c9800000| Untracked 
| 153|0x00000000c9900000, 0x00000000c9900000, 0x00000000c9a00000|  0%| F|  |TAMS 0x00000000c9900000, 0x00000000c9900000| Untracked 
| 154|0x00000000c9a00000, 0x00000000c9a00000, 0x00000000c9b00000|  0%| F|  |TAMS 0x00000000c9a00000, 0x00000000c9a00000| Untracked 
| 155|0x00000000c9b00000, 0x00000000c9b00000, 0x00000000c9c00000|  0%| F|  |TAMS 0x00000000c9b00000, 0x00000000c9b00000| Untracked 
| 156|0x00000000c9c00000, 0x00000000c9c00000, 0x00000000c9d00000|  0%| F|  |TAMS 0x00000000c9c00000, 0x00000000c9c00000| Untracked 
| 157|0x00000000c9d00000, 0x00000000c9d00000, 0x00000000c9e00000|  0%| F|  |TAMS 0x00000000c9d00000, 0x00000000c9d00000| Untracked 
| 158|0x00000000c9e00000, 0x00000000c9e00000, 0x00000000c9f00000|  0%| F|  |TAMS 0x00000000c9e00000, 0x00000000c9e00000| Untracked 
| 159|0x00000000c9f00000, 0x00000000c9f00000, 0x00000000ca000000|  0%| F|  |TAMS 0x00000000c9f00000, 0x00000000c9f00000| Untracked 
| 160|0x00000000ca000000, 0x00000000ca100000, 0x00000000ca100000|100%| O|  |TAMS 0x00000000ca100000, 0x00000000ca000000| Updating 
| 161|0x00000000ca100000, 0x00000000ca200000, 0x00000000ca200000|100%| O|  |TAMS 0x00000000ca200000, 0x00000000ca100000| Updating 
| 162|0x00000000ca200000, 0x00000000ca200000, 0x00000000ca300000|  0%| F|  |TAMS 0x00000000ca200000, 0x00000000ca200000| Untracked 
| 163|0x00000000ca300000, 0x00000000ca400000, 0x00000000ca400000|100%| O|  |TAMS 0x00000000ca400000, 0x00000000ca300000| Updating 
| 164|0x00000000ca400000, 0x00000000ca400000, 0x00000000ca500000|  0%| F|  |TAMS 0x00000000ca400000, 0x00000000ca400000| Untracked 
| 165|0x00000000ca500000, 0x00000000ca500000, 0x00000000ca600000|  0%| F|  |TAMS 0x00000000ca500000, 0x00000000ca500000| Untracked 
| 166|0x00000000ca600000, 0x00000000ca600000, 0x00000000ca700000|  0%| F|  |TAMS 0x00000000ca600000, 0x00000000ca600000| Untracked 
| 167|0x00000000ca700000, 0x00000000ca700000, 0x00000000ca800000|  0%| F|  |TAMS 0x00000000ca700000, 0x00000000ca700000| Untracked 
| 168|0x00000000ca800000, 0x00000000ca800000, 0x00000000ca900000|  0%| F|  |TAMS 0x00000000ca800000, 0x00000000ca800000| Untracked 
| 169|0x00000000ca900000, 0x00000000ca900000, 0x00000000caa00000|  0%| F|  |TAMS 0x00000000ca900000, 0x00000000ca900000| Untracked 
| 170|0x00000000caa00000, 0x00000000caa00000, 0x00000000cab00000|  0%| F|  |TAMS 0x00000000caa00000, 0x00000000caa00000| Untracked 
| 171|0x00000000cab00000, 0x00000000cab00000, 0x00000000cac00000|  0%| F|  |TAMS 0x00000000cab00000, 0x00000000cab00000| Untracked 
| 172|0x00000000cac00000, 0x00000000cac00000, 0x00000000cad00000|  0%| F|  |TAMS 0x00000000cac00000, 0x00000000cac00000| Untracked 
| 173|0x00000000cad00000, 0x00000000cad00000, 0x00000000cae00000|  0%| F|  |TAMS 0x00000000cad00000, 0x00000000cad00000| Untracked 
| 174|0x00000000cae00000, 0x00000000cae00000, 0x00000000caf00000|  0%| F|  |TAMS 0x00000000cae00000, 0x00000000cae00000| Untracked 
| 175|0x00000000caf00000, 0x00000000caf00000, 0x00000000cb000000|  0%| F|  |TAMS 0x00000000caf00000, 0x00000000caf00000| Untracked 
| 176|0x00000000cb000000, 0x00000000cb000000, 0x00000000cb100000|  0%| F|  |TAMS 0x00000000cb000000, 0x00000000cb000000| Untracked 
| 177|0x00000000cb100000, 0x00000000cb100000, 0x00000000cb200000|  0%| F|  |TAMS 0x00000000cb100000, 0x00000000cb100000| Untracked 
| 178|0x00000000cb200000, 0x00000000cb200000, 0x00000000cb300000|  0%| F|  |TAMS 0x00000000cb200000, 0x00000000cb200000| Untracked 
| 179|0x00000000cb300000, 0x00000000cb300000, 0x00000000cb400000|  0%| F|  |TAMS 0x00000000cb300000, 0x00000000cb300000| Untracked 
| 180|0x00000000cb400000, 0x00000000cb400000, 0x00000000cb500000|  0%| F|  |TAMS 0x00000000cb400000, 0x00000000cb400000| Untracked 
| 181|0x00000000cb500000, 0x00000000cb500000, 0x00000000cb600000|  0%| F|  |TAMS 0x00000000cb500000, 0x00000000cb500000| Untracked 
| 182|0x00000000cb600000, 0x00000000cb600000, 0x00000000cb700000|  0%| F|  |TAMS 0x00000000cb600000, 0x00000000cb600000| Untracked 
| 183|0x00000000cb700000, 0x00000000cb700000, 0x00000000cb800000|  0%| F|  |TAMS 0x00000000cb700000, 0x00000000cb700000| Untracked 
| 184|0x00000000cb800000, 0x00000000cb8b5260, 0x00000000cb900000| 70%| S|CS|TAMS 0x00000000cb800000, 0x00000000cb800000| Complete 
| 185|0x00000000cb900000, 0x00000000cb900000, 0x00000000cba00000|  0%| F|  |TAMS 0x00000000cb900000, 0x00000000cb900000| Untracked 
| 186|0x00000000cba00000, 0x00000000cba00000, 0x00000000cbb00000|  0%| F|  |TAMS 0x00000000cba00000, 0x00000000cba00000| Untracked 
| 187|0x00000000cbb00000, 0x00000000cbb00000, 0x00000000cbc00000|  0%| F|  |TAMS 0x00000000cbb00000, 0x00000000cbb00000| Untracked 
| 188|0x00000000cbc00000, 0x00000000cbd00000, 0x00000000cbd00000|100%| S|CS|TAMS 0x00000000cbc00000, 0x00000000cbc00000| Complete 
| 189|0x00000000cbd00000, 0x00000000cbe00000, 0x00000000cbe00000|100%| S|CS|TAMS 0x00000000cbd00000, 0x00000000cbd00000| Complete 
| 190|0x00000000cbe00000, 0x00000000cbe00000, 0x00000000cbf00000|  0%| F|  |TAMS 0x00000000cbe00000, 0x00000000cbe00000| Untracked 
| 191|0x00000000cbf00000, 0x00000000cbf00000, 0x00000000cc000000|  0%| F|  |TAMS 0x00000000cbf00000, 0x00000000cbf00000| Untracked 
| 192|0x00000000cc000000, 0x00000000cc000000, 0x00000000cc100000|  0%| F|  |TAMS 0x00000000cc000000, 0x00000000cc000000| Untracked 
| 193|0x00000000cc100000, 0x00000000cc100000, 0x00000000cc200000|  0%| F|  |TAMS 0x00000000cc100000, 0x00000000cc100000| Untracked 
| 194|0x00000000cc200000, 0x00000000cc200000, 0x00000000cc300000|  0%| F|  |TAMS 0x00000000cc200000, 0x00000000cc200000| Untracked 
| 195|0x00000000cc300000, 0x00000000cc300000, 0x00000000cc400000|  0%| F|  |TAMS 0x00000000cc300000, 0x00000000cc300000| Untracked 
| 196|0x00000000cc400000, 0x00000000cc400000, 0x00000000cc500000|  0%| F|  |TAMS 0x00000000cc400000, 0x00000000cc400000| Untracked 
| 197|0x00000000cc500000, 0x00000000cc500000, 0x00000000cc600000|  0%| F|  |TAMS 0x00000000cc500000, 0x00000000cc500000| Untracked 
| 198|0x00000000cc600000, 0x00000000cc600000, 0x00000000cc700000|  0%| F|  |TAMS 0x00000000cc600000, 0x00000000cc600000| Untracked 
| 199|0x00000000cc700000, 0x00000000cc700000, 0x00000000cc800000|  0%| F|  |TAMS 0x00000000cc700000, 0x00000000cc700000| Untracked 
| 200|0x00000000cc800000, 0x00000000cc800000, 0x00000000cc900000|  0%| F|  |TAMS 0x00000000cc800000, 0x00000000cc800000| Untracked 
| 201|0x00000000cc900000, 0x00000000cc900000, 0x00000000cca00000|  0%| F|  |TAMS 0x00000000cc900000, 0x00000000cc900000| Untracked 
| 202|0x00000000cca00000, 0x00000000cca00000, 0x00000000ccb00000|  0%| F|  |TAMS 0x00000000cca00000, 0x00000000cca00000| Untracked 
| 203|0x00000000ccb00000, 0x00000000ccb00000, 0x00000000ccc00000|  0%| F|  |TAMS 0x00000000ccb00000, 0x00000000ccb00000| Untracked 
| 204|0x00000000ccc00000, 0x00000000ccc00000, 0x00000000ccd00000|  0%| F|  |TAMS 0x00000000ccc00000, 0x00000000ccc00000| Untracked 
| 205|0x00000000ccd00000, 0x00000000ccd00000, 0x00000000cce00000|  0%| F|  |TAMS 0x00000000ccd00000, 0x00000000ccd00000| Untracked 
| 206|0x00000000cce00000, 0x00000000cce00000, 0x00000000ccf00000|  0%| F|  |TAMS 0x00000000cce00000, 0x00000000cce00000| Untracked 
| 207|0x00000000ccf00000, 0x00000000ccf00000, 0x00000000cd000000|  0%| F|  |TAMS 0x00000000ccf00000, 0x00000000ccf00000| Untracked 
| 208|0x00000000cd000000, 0x00000000cd000000, 0x00000000cd100000|  0%| F|  |TAMS 0x00000000cd000000, 0x00000000cd000000| Untracked 
| 209|0x00000000cd100000, 0x00000000cd100000, 0x00000000cd200000|  0%| F|  |TAMS 0x00000000cd100000, 0x00000000cd100000| Untracked 
| 210|0x00000000cd200000, 0x00000000cd200000, 0x00000000cd300000|  0%| F|  |TAMS 0x00000000cd200000, 0x00000000cd200000| Untracked 

Card table byte_map: [0x0000014ebe130000,0x0000014ebe330000] _byte_map_base: 0x0000014ebdb30000

Marking Bits (Prev, Next): (CMBitMap*) 0x0000014eab1493e0, (CMBitMap*) 0x0000014eab1493a8
 Prev Bits: [0x0000014ebf530000, 0x0000014ec0530000)
 Next Bits: [0x0000014ebe530000, 0x0000014ebf530000)

Polling page: 0x0000014eaa8f0000

Metaspace:

Usage:
  Non-class:     98.44 MB capacity,    96.27 MB ( 98%) used,     1.83 MB (  2%) free+waste,   340.25 KB ( <1%) overhead. 
      Class:     14.63 MB capacity,    13.52 MB ( 92%) used,   986.49 KB (  7%) free+waste,   153.88 KB (  1%) overhead. 
       Both:    113.07 MB capacity,   109.79 MB ( 97%) used,     2.80 MB (  2%) free+waste,   494.13 KB ( <1%) overhead. 

Virtual space:
  Non-class space:      100.00 MB reserved,      98.50 MB ( 99%) committed 
      Class space:        1.00 GB reserved,      14.75 MB (  1%) committed 
             Both:        1.10 GB reserved,     113.25 MB ( 10%) committed 

Chunk freelists:
   Non-Class:  63.00 KB
       Class:  24.00 KB
        Both:  87.00 KB

MaxMetaspaceSize: 17179869184.00 GB
CompressedClassSpaceSize: 1.00 GB

CodeHeap 'non-profiled nmethods': size=120000Kb used=11001Kb max_used=11001Kb free=108998Kb
 bounds [0x0000014eb66d0000, 0x0000014eb7190000, 0x0000014ebdc00000]
CodeHeap 'profiled nmethods': size=120000Kb used=36333Kb max_used=36333Kb free=83667Kb
 bounds [0x0000014eaf1a0000, 0x0000014eb1520000, 0x0000014eb66d0000]
CodeHeap 'non-nmethods': size=5760Kb used=2321Kb max_used=2376Kb free=3438Kb
 bounds [0x0000014eaec00000, 0x0000014eaee70000, 0x0000014eaf1a0000]
 total_blobs=17093 nmethods=16161 adapters=843
 compilation: enabled
              stopped_count=0, restarted_count=0
 full_count=0

Compilation events (20 events):
Event: 750.150 Thread 0x0000014ec38b6800 16573       2       com.android.aapt.Resources$Style$Entry::access$41602 (7 bytes)
Event: 750.150 Thread 0x0000014ec38b6800 nmethod 16573 0x0000014eb1517310 code [0x0000014eb15174c0, 0x0000014eb15175f8]
Event: 750.150 Thread 0x0000014ec38b6800 16569       2       com.android.aapt.Resources$Style$Entry::<init> (11 bytes)
Event: 750.150 Thread 0x0000014ec38b6800 nmethod 16569 0x0000014eb1517710 code [0x0000014eb15178c0, 0x0000014eb1517a18]
Event: 750.150 Thread 0x0000014ec38b6800 16570       2       com.android.aapt.Resources$Style$Entry::access$41302 (7 bytes)
Event: 750.150 Thread 0x0000014ec38b6800 nmethod 16570 0x0000014eb1517b10 code [0x0000014eb1517cc0, 0x0000014eb1517df8]
Event: 750.150 Thread 0x0000014ec38b6800 16553       2       com.android.aaptcompiler.ResourceUtilsKt::parseStyleParentReference (451 bytes)
Event: 750.154 Thread 0x0000014ec38b6800 nmethod 16553 0x0000014eb1517f10 code [0x0000014eb1518380, 0x0000014eb15199f8]
Event: 750.154 Thread 0x0000014ec38b6800 16584       1       com.android.aaptcompiler.buffer.BigBuffer$Block::setSize$aaptcompiler (6 bytes)
Event: 750.154 Thread 0x0000014ec38b6800 nmethod 16584 0x0000014eb718db90 code [0x0000014eb718dd40, 0x0000014eb718ddf8]
Event: 750.154 Thread 0x0000014ec38b6800 16585       1       com.android.aaptcompiler.buffer.BigBuffer$Block::getBlockSize$aaptcompiler (5 bytes)
Event: 750.154 Thread 0x0000014ec38b6800 nmethod 16585 0x0000014eb718de90 code [0x0000014eb718e040, 0x0000014eb718e0f8]
Event: 750.154 Thread 0x0000014ec38b6800 16579       1       com.android.aaptcompiler.ResourceTablePackage::getGroups$aaptcompiler (5 bytes)
Event: 750.154 Thread 0x0000014ec38b6800 nmethod 16579 0x0000014eb718e190 code [0x0000014eb718e340, 0x0000014eb718e3f8]
Event: 750.154 Thread 0x0000014ec38b6800 16551       2       com.android.aapt.Resources$Id::newBuilder (7 bytes)
Event: 750.154 Thread 0x0000014ec38b6800 nmethod 16551 0x0000014eb151a690 code [0x0000014eb151a840, 0x0000014eb151a9f8]
Event: 750.154 Thread 0x0000014ec38b6800 16552       2       com.android.aapt.Resources$Id::toBuilder (31 bytes)
Event: 750.155 Thread 0x0000014ec38b6800 nmethod 16552 0x0000014eb151aa90 code [0x0000014eb151acc0, 0x0000014eb151b1b8]
Event: 750.156 Thread 0x0000014ec38b6800 16580       1       com.sun.org.apache.xerces.internal.impl.XMLErrorReporter::getLocale (5 bytes)
Event: 750.156 Thread 0x0000014ec38b6800 nmethod 16580 0x0000014eb718e490 code [0x0000014eb718e640, 0x0000014eb718e6f8]

GC Heap History (20 events):
Event: 746.139 GC heap after
{Heap after GC invocations=145 (full 0):
 garbage-first heap   total 181248K, used 145899K [0x00000000c0000000, 0x0000000100000000)
  region size 1024K, 1 young (1024K), 1 survivors (1024K)
 Metaspace       used 108544K, capacity 111856K, committed 112000K, reserved 1146880K
  class space    used 13545K, capacity 14675K, committed 14720K, reserved 1048576K
}
Event: 746.340 GC heap before
{Heap before GC invocations=145 (full 0):
 garbage-first heap   total 181248K, used 154091K [0x00000000c0000000, 0x0000000100000000)
  region size 1024K, 10 young (10240K), 1 survivors (1024K)
 Metaspace       used 108558K, capacity 111856K, committed 112000K, reserved 1146880K
  class space    used 13545K, capacity 14675K, committed 14720K, reserved 1048576K
}
Event: 746.346 GC heap after
{Heap after GC invocations=146 (full 0):
 garbage-first heap   total 181248K, used 147233K [0x00000000c0000000, 0x0000000100000000)
  region size 1024K, 2 young (2048K), 2 survivors (2048K)
 Metaspace       used 108558K, capacity 111856K, committed 112000K, reserved 1146880K
  class space    used 13545K, capacity 14675K, committed 14720K, reserved 1048576K
}
Event: 746.455 GC heap before
{Heap before GC invocations=146 (full 0):
 garbage-first heap   total 181248K, used 156449K [0x00000000c0000000, 0x0000000100000000)
  region size 1024K, 11 young (11264K), 2 survivors (2048K)
 Metaspace       used 108595K, capacity 111924K, committed 112000K, reserved 1146880K
  class space    used 13547K, capacity 14676K, committed 14720K, reserved 1048576K
}
Event: 746.465 GC heap after
{Heap after GC invocations=147 (full 0):
 garbage-first heap   total 181248K, used 147804K [0x00000000c0000000, 0x0000000100000000)
  region size 1024K, 1 young (1024K), 1 survivors (1024K)
 Metaspace       used 108595K, capacity 111924K, committed 112000K, reserved 1146880K
  class space    used 13547K, capacity 14676K, committed 14720K, reserved 1048576K
}
Event: 746.519 GC heap before
{Heap before GC invocations=147 (full 0):
 garbage-first heap   total 181248K, used 155996K [0x00000000c0000000, 0x0000000100000000)
  region size 1024K, 9 young (9216K), 1 survivors (1024K)
 Metaspace       used 108597K, capacity 111924K, committed 112000K, reserved 1146880K
  class space    used 13547K, capacity 14676K, committed 14720K, reserved 1048576K
}
Event: 746.521 GC heap after
{Heap after GC invocations=148 (full 0):
 garbage-first heap   total 181248K, used 147705K [0x00000000c0000000, 0x0000000100000000)
  region size 1024K, 1 young (1024K), 1 survivors (1024K)
 Metaspace       used 108597K, capacity 111924K, committed 112000K, reserved 1146880K
  class space    used 13547K, capacity 14676K, committed 14720K, reserved 1048576K
}
Event: 746.607 GC heap before
{Heap before GC invocations=148 (full 0):
 garbage-first heap   total 181248K, used 156921K [0x00000000c0000000, 0x0000000100000000)
  region size 1024K, 10 young (10240K), 1 survivors (1024K)
 Metaspace       used 108601K, capacity 111924K, committed 112000K, reserved 1146880K
  class space    used 13547K, capacity 14676K, committed 14720K, reserved 1048576K
}
Event: 746.617 GC heap after
{Heap after GC invocations=149 (full 0):
 garbage-first heap   total 216064K, used 147708K [0x00000000c0000000, 0x0000000100000000)
  region size 1024K, 1 young (1024K), 1 survivors (1024K)
 Metaspace       used 108601K, capacity 111924K, committed 112000K, reserved 1146880K
  class space    used 13547K, capacity 14676K, committed 14720K, reserved 1048576K
}
Event: 746.748 GC heap before
{Heap before GC invocations=150 (full 0):
 garbage-first heap   total 216064K, used 171260K [0x00000000c0000000, 0x0000000100000000)
  region size 1024K, 24 young (24576K), 1 survivors (1024K)
 Metaspace       used 108604K, capacity 111924K, committed 112000K, reserved 1146880K
  class space    used 13547K, capacity 14676K, committed 14720K, reserved 1048576K
}
Event: 746.750 GC heap after
{Heap after GC invocations=151 (full 0):
 garbage-first heap   total 216064K, used 147682K [0x00000000c0000000, 0x0000000100000000)
  region size 1024K, 1 young (1024K), 1 survivors (1024K)
 Metaspace       used 108604K, capacity 111924K, committed 112000K, reserved 1146880K
  class space    used 13547K, capacity 14676K, committed 14720K, reserved 1048576K
}
Event: 747.168 GC heap before
{Heap before GC invocations=151 (full 0):
 garbage-first heap   total 216064K, used 172258K [0x00000000c0000000, 0x0000000100000000)
  region size 1024K, 26 young (26624K), 1 survivors (1024K)
 Metaspace       used 108633K, capacity 111930K, committed 112000K, reserved 1146880K
  class space    used 13550K, capacity 14678K, committed 14720K, reserved 1048576K
}
Event: 747.185 GC heap after
{Heap after GC invocations=152 (full 0):
 garbage-first heap   total 216064K, used 152098K [0x00000000c0000000, 0x0000000100000000)
  region size 1024K, 4 young (4096K), 4 survivors (4096K)
 Metaspace       used 108633K, capacity 111930K, committed 112000K, reserved 1146880K
  class space    used 13550K, capacity 14678K, committed 14720K, reserved 1048576K
}
Event: 748.103 GC heap before
{Heap before GC invocations=153 (full 0):
 garbage-first heap   total 216064K, used 189986K [0x00000000c0000000, 0x0000000100000000)
  region size 1024K, 27 young (27648K), 4 survivors (4096K)
 Metaspace       used 108961K, capacity 112302K, committed 112640K, reserved 1146880K
  class space    used 13577K, capacity 14728K, committed 14848K, reserved 1048576K
}
Event: 748.121 GC heap after
{Heap after GC invocations=154 (full 0):
 garbage-first heap   total 216064K, used 155722K [0x00000000c0000000, 0x0000000100000000)
  region size 1024K, 4 young (4096K), 4 survivors (4096K)
 Metaspace       used 108961K, capacity 112302K, committed 112640K, reserved 1146880K
  class space    used 13577K, capacity 14728K, committed 14848K, reserved 1048576K
}
Event: 748.823 GC heap before
{Heap before GC invocations=154 (full 0):
 garbage-first heap   total 216064K, used 177226K [0x00000000c0000000, 0x0000000100000000)
  region size 1024K, 26 young (26624K), 4 survivors (4096K)
 Metaspace       used 111825K, capacity 115113K, committed 115328K, reserved 1148928K
  class space    used 13815K, capacity 14952K, committed 14976K, reserved 1048576K
}
Event: 748.841 GC heap after
{Heap after GC invocations=155 (full 0):
 garbage-first heap   total 216064K, used 157942K [0x00000000c0000000, 0x0000000100000000)
  region size 1024K, 3 young (3072K), 3 survivors (3072K)
 Metaspace       used 111825K, capacity 115113K, committed 115328K, reserved 1148928K
  class space    used 13815K, capacity 14952K, committed 14976K, reserved 1048576K
}
Event: 749.332 GC heap before
{Heap before GC invocations=155 (full 0):
 garbage-first heap   total 216064K, used 180470K [0x00000000c0000000, 0x0000000100000000)
  region size 1024K, 25 young (25600K), 3 survivors (3072K)
 Metaspace       used 112309K, capacity 115625K, committed 115840K, reserved 1150976K
  class space    used 13833K, capacity 14952K, committed 14976K, reserved 1048576K
}
Event: 749.344 GC heap after
{Heap after GC invocations=156 (full 0):
 garbage-first heap   total 216064K, used 160417K [0x00000000c0000000, 0x0000000100000000)
  region size 1024K, 3 young (3072K), 3 survivors (3072K)
 Metaspace       used 112309K, capacity 115625K, committed 115840K, reserved 1150976K
  class space    used 13833K, capacity 14952K, committed 14976K, reserved 1048576K
}
Event: 750.158 GC heap before
{Heap before GC invocations=156 (full 0):
 garbage-first heap   total 216064K, used 170657K [0x00000000c0000000, 0x0000000100000000)
  region size 1024K, 24 young (24576K), 3 survivors (3072K)
 Metaspace       used 112427K, capacity 115785K, committed 115968K, reserved 1150976K
  class space    used 13843K, capacity 14984K, committed 15104K, reserved 1048576K
}

Deoptimization events (20 events):
Event: 749.546 Thread 0x0000014eca7db800 DEOPT PACKING pc=0x0000014eb14bc3f1 sp=0x00000023545fc7f0
Event: 749.546 Thread 0x0000014eca7db800 DEOPT UNPACKING pc=0x0000014eaec276ce sp=0x00000023545fbca8 mode 0
Event: 749.724 Thread 0x0000014eca7de000 DEOPT PACKING pc=0x0000014eb1477f62 sp=0x00000023547fd540
Event: 749.724 Thread 0x0000014eca7de000 DEOPT UNPACKING pc=0x0000014eaec276ce sp=0x00000023547fca60 mode 0
Event: 749.743 Thread 0x0000014eca7db000 DEOPT PACKING pc=0x0000014eb1477f62 sp=0x00000023542fd7d0
Event: 749.743 Thread 0x0000014eca7db000 DEOPT UNPACKING pc=0x0000014eaec276ce sp=0x00000023542fccf0 mode 0
Event: 749.747 Thread 0x0000014eca7db800 DEOPT PACKING pc=0x0000014eb1477f62 sp=0x00000023545fd200
Event: 749.748 Thread 0x0000014eca7db800 DEOPT UNPACKING pc=0x0000014eaec276ce sp=0x00000023545fc720 mode 0
Event: 749.757 Thread 0x0000014eca7d5000 DEOPT PACKING pc=0x0000014eb1477f62 sp=0x00000023543fd8c0
Event: 749.757 Thread 0x0000014eca7d5000 DEOPT UNPACKING pc=0x0000014eaec276ce sp=0x00000023543fcde0 mode 0
Event: 749.757 Thread 0x0000014eca7d5000 Uncommon trap: trap_request=0xffffff4d fr.pc=0x0000014eb7188140 relative=0x00000000000007a0
Event: 749.758 Thread 0x0000014eca7d5000 Uncommon trap: reason=unstable_if action=reinterpret pc=0x0000014eb7188140 method=com.sun.org.apache.xerces.internal.impl.io.UTF8Reader.read([CII)I @ 484 c2
Event: 749.758 Thread 0x0000014eca7d5000 DEOPT PACKING pc=0x0000014eb7188140 sp=0x00000023543fd9a0
Event: 749.758 Thread 0x0000014eca7d5000 DEOPT UNPACKING pc=0x0000014eaec278af sp=0x00000023543fd8e0 mode 2
Event: 749.760 Thread 0x0000014eca7d5000 DEOPT PACKING pc=0x0000014eb14bc3f1 sp=0x00000023543fceb0
Event: 749.760 Thread 0x0000014eca7d5000 DEOPT UNPACKING pc=0x0000014eaec276ce sp=0x00000023543fc368 mode 0
Event: 749.862 Thread 0x0000014eca7db000 DEOPT PACKING pc=0x0000014eb14bc3f1 sp=0x00000023542fcdc0
Event: 749.862 Thread 0x0000014eca7db000 DEOPT UNPACKING pc=0x0000014eaec276ce sp=0x00000023542fc278 mode 0
Event: 750.147 Thread 0x0000014eca7e2000 DEOPT PACKING pc=0x0000014eb13c099f sp=0x00000023546fcd30
Event: 750.147 Thread 0x0000014eca7e2000 DEOPT UNPACKING pc=0x0000014eaec276ce sp=0x00000023546fc168 mode 0

Classes redefined (0 events):
No events

Internal exceptions (20 events):
Event: 740.137 Thread 0x0000014eca7d9000 Implicit null exception at 0x0000014eb6744775 to 0x0000014eb6744b7c
Event: 745.538 Thread 0x0000014eca7d9000 Exception <a 'java/lang/NoSuchMethodError'{0x00000000cb066538}: <clinit>> (0x00000000cb066538) thrown at [./src/hotspot/share/prims/jni.cpp, line 1362]
Event: 745.542 Thread 0x0000014eca7d9000 Exception <a 'java/lang/NoSuchMethodError'{0x00000000cb0767f8}: <clinit>> (0x00000000cb0767f8) thrown at [./src/hotspot/share/prims/jni.cpp, line 1362]
Event: 745.550 Thread 0x0000014eca7d9000 Exception <a 'java/lang/NoSuchMethodError'{0x00000000cb0e6530}: <clinit>> (0x00000000cb0e6530) thrown at [./src/hotspot/share/prims/jni.cpp, line 1362]
Event: 745.550 Thread 0x0000014eca7d9000 Exception <a 'java/lang/NoSuchMethodError'{0x00000000cb0e90f8}: <clinit>> (0x00000000cb0e90f8) thrown at [./src/hotspot/share/prims/jni.cpp, line 1362]
Event: 745.550 Thread 0x0000014eca7d9000 Exception <a 'java/lang/NoSuchMethodError'{0x00000000cb0edd28}: <clinit>> (0x00000000cb0edd28) thrown at [./src/hotspot/share/prims/jni.cpp, line 1362]
Event: 745.551 Thread 0x0000014eca7d9000 Exception <a 'java/lang/NoSuchMethodError'{0x00000000cb0f94c8}: <clinit>> (0x00000000cb0f94c8) thrown at [./src/hotspot/share/prims/jni.cpp, line 1362]
Event: 745.555 Thread 0x0000014eca7d9000 Exception <a 'java/lang/NoSuchMethodError'{0x00000000caf511e8}: <clinit>> (0x00000000caf511e8) thrown at [./src/hotspot/share/prims/jni.cpp, line 1362]
Event: 745.556 Thread 0x0000014eca7d9000 Exception <a 'java/lang/NoSuchMethodError'{0x00000000caf83348}: <clinit>> (0x00000000caf83348) thrown at [./src/hotspot/share/prims/jni.cpp, line 1362]
Event: 745.557 Thread 0x0000014eca7d9000 Exception <a 'java/lang/NoSuchMethodError'{0x00000000caf867b0}: <clinit>> (0x00000000caf867b0) thrown at [./src/hotspot/share/prims/jni.cpp, line 1362]
Event: 745.557 Thread 0x0000014eca7d9000 Exception <a 'java/lang/NoSuchMethodError'{0x00000000caf89420}: <clinit>> (0x00000000caf89420) thrown at [./src/hotspot/share/prims/jni.cpp, line 1362]
Event: 745.557 Thread 0x0000014eca7d9000 Exception <a 'java/lang/NoSuchMethodError'{0x00000000cafa16a0}: <clinit>> (0x00000000cafa16a0) thrown at [./src/hotspot/share/prims/jni.cpp, line 1362]
Event: 745.559 Thread 0x0000014eca7d9000 Exception <a 'java/lang/NoSuchMethodError'{0x00000000cafb8c40}: <clinit>> (0x00000000cafb8c40) thrown at [./src/hotspot/share/prims/jni.cpp, line 1362]
Event: 745.560 Thread 0x0000014eca7d9000 Exception <a 'java/lang/NoSuchMethodError'{0x00000000cafcd6c0}: <clinit>> (0x00000000cafcd6c0) thrown at [./src/hotspot/share/prims/jni.cpp, line 1362]
Event: 745.562 Thread 0x0000014eca7d9000 Exception <a 'java/lang/NoSuchMethodError'{0x00000000caff0690}: <clinit>> (0x00000000caff0690) thrown at [./src/hotspot/share/prims/jni.cpp, line 1362]
Event: 745.565 Thread 0x0000014eca7d9000 Exception <a 'java/lang/NoSuchMethodError'{0x00000000cae15e78}: <clinit>> (0x00000000cae15e78) thrown at [./src/hotspot/share/prims/jni.cpp, line 1362]
Event: 745.567 Thread 0x0000014eca7d9000 Exception <a 'java/lang/NoSuchMethodError'{0x00000000cae2aca0}: <clinit>> (0x00000000cae2aca0) thrown at [./src/hotspot/share/prims/jni.cpp, line 1362]
Event: 747.932 Thread 0x0000014eca7d9000 Exception <a 'java/lang/NoSuchMethodError'{0x00000000cce66080}: <clinit>> (0x00000000cce66080) thrown at [./src/hotspot/share/prims/jni.cpp, line 1362]
Event: 748.399 Thread 0x0000014eca7df000 Implicit null exception at 0x0000014eb6a7d7e6 to 0x0000014eb6a7e424
Event: 748.401 Thread 0x0000014eca7df000 Implicit null exception at 0x0000014eb6a7d7e6 to 0x0000014eb6a7e424

Events (20 events):
Event: 749.283 loading class com/android/aapt/Resources$Attribute$Symbol$Builder done
Event: 749.326 Executing VM operation: G1CollectForAllocation
Event: 749.344 Executing VM operation: G1CollectForAllocation done
Event: 749.360 loading class com/android/aapt/Resources$Id$1
Event: 749.360 loading class com/android/aapt/Resources$Id$1 done
Event: 749.361 loading class com/android/aapt/Resources$Id$Builder
Event: 749.361 loading class com/android/aapt/Resources$Id$Builder done
Event: 749.411 loading class com/android/aapt/Resources$Primitive$EmptyType$1
Event: 749.411 loading class com/android/aapt/Resources$Primitive$EmptyType$1 done
Event: 749.898 Executing VM operation: CGC_Operation
Event: 750.139 Executing VM operation: CGC_Operation done
Event: 750.140 loading class com/android/aapt/Resources$Primitive$EmptyType$Builder
Event: 750.140 loading class com/android/aapt/Resources$Primitive$EmptyType$Builder done
Event: 750.150 loading class com/android/aapt/Resources$Styleable$1
Event: 750.150 loading class com/android/aapt/Resources$Styleable$1 done
Event: 750.151 loading class com/android/aapt/Resources$Styleable$Builder
Event: 750.151 loading class com/android/aapt/Resources$Styleable$Builder done
Event: 750.153 loading class com/android/aapt/Resources$Styleable$Entry
Event: 750.153 loading class com/android/aapt/Resources$Styleable$Entry done
Event: 750.157 Executing VM operation: G1CollectForAllocation


Dynamic libraries:
0x00007ff788eb0000 - 0x00007ff788eba000 	D:\Android Studio\jre\bin\java.exe
0x00007fff35f30000 - 0x00007fff36142000 	C:\WINDOWS\SYSTEM32\ntdll.dll
0x00007fff34660000 - 0x00007fff34722000 	C:\WINDOWS\System32\KERNEL32.DLL
0x00007fff33400000 - 0x00007fff3379b000 	C:\WINDOWS\System32\KERNELBASE.dll
0x00007fff33ae0000 - 0x00007fff33bf1000 	C:\WINDOWS\System32\ucrtbase.dll
0x00007fff2e470000 - 0x00007fff2e489000 	D:\Android Studio\jre\bin\jli.dll
0x00007fff2e450000 - 0x00007fff2e467000 	D:\Android Studio\jre\bin\VCRUNTIME140.dll
0x00007fff35150000 - 0x00007fff352fb000 	C:\WINDOWS\System32\USER32.dll
0x00007fff33d20000 - 0x00007fff33d46000 	C:\WINDOWS\System32\win32u.dll
0x00007fff192f0000 - 0x00007fff1957e000 	C:\WINDOWS\WinSxS\amd64_microsoft.windows.common-controls_6595b64144ccf1df_6.0.22598.1_none_5f058c2d9dc925ef\COMCTL32.dll
0x00007fff347e0000 - 0x00007fff34809000 	C:\WINDOWS\System32\GDI32.dll
0x00007fff35480000 - 0x00007fff35525000 	C:\WINDOWS\System32\msvcrt.dll
0x00007fff33c00000 - 0x00007fff33d18000 	C:\WINDOWS\System32\gdi32full.dll
0x00007fff337a0000 - 0x00007fff3383a000 	C:\WINDOWS\System32\msvcp_win.dll
0x00007fff34620000 - 0x00007fff34651000 	C:\WINDOWS\System32\IMM32.DLL
0x00007fff182c0000 - 0x00007fff1835d000 	D:\Android Studio\jre\bin\msvcp140.dll
0x00007ffe97a20000 - 0x00007ffe984ef000 	D:\Android Studio\jre\bin\server\jvm.dll
0x00007fff33ed0000 - 0x00007fff33f7e000 	C:\WINDOWS\System32\ADVAPI32.dll
0x00007fff33d50000 - 0x00007fff33df4000 	C:\WINDOWS\System32\sechost.dll
0x00007fff34910000 - 0x00007fff34a25000 	C:\WINDOWS\System32\RPCRT4.dll
0x00007fff35ed0000 - 0x00007fff35ed8000 	C:\WINDOWS\System32\PSAPI.DLL
0x00007fff14600000 - 0x00007fff14609000 	C:\WINDOWS\SYSTEM32\WSOCK32.dll
0x00007fff2b640000 - 0x00007fff2b64a000 	C:\WINDOWS\SYSTEM32\VERSION.dll
0x00007fff2be20000 - 0x00007fff2be54000 	C:\WINDOWS\SYSTEM32\WINMM.dll
0x00007fff33f80000 - 0x00007fff33ff1000 	C:\WINDOWS\System32\WS2_32.dll
0x00007fff323e0000 - 0x00007fff323f8000 	C:\WINDOWS\SYSTEM32\kernel.appcore.dll
0x00007fff13af0000 - 0x00007fff13b01000 	D:\Android Studio\jre\bin\verify.dll
0x00007fff30f30000 - 0x00007fff3115e000 	C:\WINDOWS\SYSTEM32\DBGHELP.DLL
0x00007fff34c00000 - 0x00007fff34f86000 	C:\WINDOWS\System32\combase.dll
0x00007fff35550000 - 0x00007fff35627000 	C:\WINDOWS\System32\OLEAUT32.dll
0x00007fff155b0000 - 0x00007fff155e2000 	C:\WINDOWS\SYSTEM32\dbgcore.DLL
0x00007fff33380000 - 0x00007fff333fb000 	C:\WINDOWS\System32\bcryptPrimitives.dll
0x00007fff13ac0000 - 0x00007fff13ae9000 	D:\Android Studio\jre\bin\java.dll
0x00007fff16ce0000 - 0x00007fff16ceb000 	D:\Android Studio\jre\bin\jimage.dll
0x00007fff13aa0000 - 0x00007fff13ab8000 	D:\Android Studio\jre\bin\zip.dll
0x00007fff356f0000 - 0x00007fff35ecc000 	C:\WINDOWS\System32\SHELL32.dll
0x00007fff31390000 - 0x00007fff31c46000 	C:\WINDOWS\SYSTEM32\windows.storage.dll
0x00007fff31250000 - 0x00007fff3138d000 	C:\WINDOWS\SYSTEM32\wintypes.dll
0x00007fff34810000 - 0x00007fff34901000 	C:\WINDOWS\System32\SHCORE.dll
0x00007fff35630000 - 0x00007fff3568e000 	C:\WINDOWS\System32\shlwapi.dll
0x00007fff332b0000 - 0x00007fff332d1000 	C:\WINDOWS\SYSTEM32\profapi.dll
0x00007fff13a80000 - 0x00007fff13a9a000 	D:\Android Studio\jre\bin\net.dll
0x00007fff2b9d0000 - 0x00007fff2baff000 	C:\WINDOWS\SYSTEM32\WINHTTP.dll
0x00007fff32830000 - 0x00007fff32899000 	C:\WINDOWS\system32\mswsock.dll
0x00007fff13a60000 - 0x00007fff13a74000 	D:\Android Studio\jre\bin\nio.dll
0x00007fff178e0000 - 0x00007fff17907000 	C:\Users\cnirb\.gradle\native\8bec1ad78214c89d9ad589b4d07fe93259594b29d510b10fafb7a158f7737e5d\windows-amd64\native-platform.dll
0x00007fff136c0000 - 0x00007fff137fd000 	C:\Users\cnirb\.gradle\native\53dbd7edfb1c66fb8903c78663c9afc45aea4f116125fa6feffd364cf09443e8\windows-amd64\native-platform-file-events.dll
0x00007fff16cb0000 - 0x00007fff16cba000 	D:\Android Studio\jre\bin\management.dll
0x00007fff14680000 - 0x00007fff1468c000 	D:\Android Studio\jre\bin\management_ext.dll
0x00007fff32a90000 - 0x00007fff32aab000 	C:\WINDOWS\SYSTEM32\CRYPTSP.dll
0x00007fff32350000 - 0x00007fff32385000 	C:\WINDOWS\system32\rsaenh.dll
0x00007fff32930000 - 0x00007fff32958000 	C:\WINDOWS\SYSTEM32\USERENV.dll
0x00007fff32c60000 - 0x00007fff32c88000 	C:\WINDOWS\SYSTEM32\bcrypt.dll
0x00007fff32a80000 - 0x00007fff32a8c000 	C:\WINDOWS\SYSTEM32\CRYPTBASE.dll
0x00007fff31ea0000 - 0x00007fff31ecd000 	C:\WINDOWS\SYSTEM32\IPHLPAPI.DLL
0x00007fff33e90000 - 0x00007fff33e99000 	C:\WINDOWS\System32\NSI.dll
0x00007fff2b820000 - 0x00007fff2b839000 	C:\WINDOWS\SYSTEM32\dhcpcsvc6.DLL
0x00007fff2b800000 - 0x00007fff2b81f000 	C:\WINDOWS\SYSTEM32\dhcpcsvc.DLL
0x00007fff31f10000 - 0x00007fff32002000 	C:\WINDOWS\SYSTEM32\DNSAPI.dll

dbghelp: loaded successfully - version: 4.0.5 - missing functions: none
symbol engine: initialized successfully - sym options: 0x614 - pdb path: .;D:\Android Studio\jre\bin;C:\WINDOWS\SYSTEM32;C:\WINDOWS\WinSxS\amd64_microsoft.windows.common-controls_6595b64144ccf1df_6.0.22598.1_none_5f058c2d9dc925ef;D:\Android Studio\jre\bin\server;C:\Users\cnirb\.gradle\native\8bec1ad78214c89d9ad589b4d07fe93259594b29d510b10fafb7a158f7737e5d\windows-amd64;C:\Users\cnirb\.gradle\native\53dbd7edfb1c66fb8903c78663c9afc45aea4f116125fa6feffd364cf09443e8\windows-amd64

VM Arguments:
jvm_args: --add-opens=java.base/java.util=ALL-UNNAMED --add-opens=java.base/java.lang=ALL-UNNAMED --add-opens=java.base/java.lang.invoke=ALL-UNNAMED --add-opens=java.base/java.util=ALL-UNNAMED --add-opens=java.prefs/java.util.prefs=ALL-UNNAMED --add-opens=java.prefs/java.util.prefs=ALL-UNNAMED --add-opens=java.base/java.nio.charset=ALL-UNNAMED --add-opens=java.base/java.net=ALL-UNNAMED --add-opens=java.base/java.util.concurrent.atomic=ALL-UNNAMED -Xmx1024m -Dfile.encoding=UTF-8 -Duser.country=IN -Duser.language=en -Duser.variant 
java_command: org.gradle.launcher.daemon.bootstrap.GradleDaemon 7.0.2
java_class_path (initial): C:\Users\cnirb\.gradle\wrapper\dists\gradle-7.0.2-bin\857tjihv64xamwrf0h14cai3r\gradle-7.0.2\lib\gradle-launcher-7.0.2.jar
Launcher Type: SUN_STANDARD

[Global flags]
     intx CICompilerCount                          = 4                                         {product} {ergonomic}
     uint ConcGCThreads                            = 2                                         {product} {ergonomic}
     uint G1ConcRefinementThreads                  = 8                                         {product} {ergonomic}
   size_t G1HeapRegionSize                         = 1048576                                   {product} {ergonomic}
    uintx GCDrainStackTargetSize                   = 64                                        {product} {ergonomic}
   size_t InitialHeapSize                          = 67108864                                  {product} {ergonomic}
   size_t MarkStackSize                            = 4194304                                   {product} {ergonomic}
   size_t MaxHeapSize                              = 1073741824                                {product} {command line}
   size_t MaxNewSize                               = 643825664                                 {product} {ergonomic}
   size_t MinHeapDeltaBytes                        = 1048576                                   {product} {ergonomic}
    uintx NonNMethodCodeHeapSize                   = 5836300                                {pd product} {ergonomic}
    uintx NonProfiledCodeHeapSize                  = 122910970                              {pd product} {ergonomic}
    uintx ProfiledCodeHeapSize                     = 122910970                              {pd product} {ergonomic}
    uintx ReservedCodeCacheSize                    = 251658240                              {pd product} {ergonomic}
     bool SegmentedCodeCache                       = true                                      {product} {ergonomic}
     bool UseCompressedClassPointers               = true                                 {lp64_product} {ergonomic}
     bool UseCompressedOops                        = true                                 {lp64_product} {ergonomic}
     bool UseG1GC                                  = true                                      {product} {ergonomic}
     bool UseLargePagesIndividualAllocation        = false                                  {pd product} {ergonomic}

Logging:
Log output configuration:
 #0: stdout all=warning uptime,level,tags
 #1: stderr all=off uptime,level,tags

Environment Variables:
PATH=C:\ProgramData\Oracle\Java\javapath;C:\Program Files\Common Files\Oracle\Java\javapath;C:\WINDOWS\system32;C:\WINDOWS;C:\WINDOWS\System32\Wbem;C:\WINDOWS\System32\WindowsPowerShell\v1.0\;C:\WINDOWS\System32\OpenSSH\;C:\Program Files\Git\cmd;C:\Program Files\Java\jdk-15.0.2\bin;C:\Users\cnirb\AppData\Local\Programs\Microsoft VS Code\bin;C:\Program Files\Cloudflare\Cloudflare WARP;C:\Users\cnirb\AppData\Local\Programs\Microsoft VS Code\bin;C:\Users\cnirb\AppData\Local\Microsoft\WindowsApps;C:\Users\cnirb\AppData\Local\GitHubDesktop\bin
USERNAME=cnirb
OS=Windows_NT
PROCESSOR_IDENTIFIER=Intel64 Family 6 Model 142 Stepping 12, GenuineIntel



---------------  S Y S T E M  ---------------

OS: Windows 10 , 64 bit Build 22598 (10.0.22598.1)
OS uptime: 0 days 2:23 hours

CPU:total 8 (initial active 8) (4 cores per cpu, 2 threads per core) family 6 model 142 stepping 12 microcode 0xde, cmov, cx8, fxsr, mmx, sse, sse2, sse3, ssse3, sse4.1, sse4.2, popcnt, avx, avx2, aes, clmul, erms, 3dnowpref, lzcnt, ht, tsc, tscinvbit, bmi1, bmi2, adx, fma

Memory: 4k page, system-wide physical 3974M (247M free)
TotalPageFile size 16262M (AvailPageFile size 60M)
current process WorkingSet (physical memory assigned to process): 297M, peak: 383M
current process commit charge ("private bytes"): 529M, peak: 604M

vm_info: OpenJDK 64-Bit Server VM (11.0.10+0-b96-7249189) for windows-amd64 JRE (11.0.10+0-b96-7249189), built on Mar 31 2021 21:44:00 by "builder" with MS VC++ 14.0 (VS2015)

END.
